{"logTime": "1128/080719", "correlationVector":"mT32mRPXQGjhFJt1F7Zl+m.149","action":"GetUpdates", "result":"DeleteReceived", "context":{"id":"d9b7de72-e145-4023-a91f-ec1675293c18", "isDeleted:":"true", "version":"1727064095491"}}
{"logTime": "1128/080719", "correlationVector":"mT32mRPXQGjhFJt1F7Zl+m.150","action":"GetUpdates", "result":"DeleteReceived", "context":{"id":"2313f6c9-218c-4457-9435-1a15a31e0ec3", "isDeleted:":"true", "version":"1727064358979"}}
{"logTime": "1128/080719", "correlationVector":"mT32mRPXQGjhFJt1F7Zl+m.151","action":"GetUpdates", "result":"DeleteReceived", "context":{"id":"828c6800-9e0f-4161-b6d8-9c52eb04a9ac", "isDeleted:":"true", "version":"1727064358981"}}
{"logTime": "1128/080719", "correlationVector":"mT32mRPXQGjhFJt1F7Zl+m.152","action":"GetUpdates", "result":"DeleteReceived", "context":{"id":"060ba3ab-4d9b-4c28-ad7f-790b4f30c2fd", "isDeleted:":"true", "version":"1727064358982"}}
{"logTime": "1128/080719", "correlationVector":"mT32mRPXQGjhFJt1F7Zl+m.153","action":"GetUpdates", "result":"DeleteReceived", "context":{"id":"daf58f2a-cce9-402c-ad16-4dd98c9908f5", "isDeleted:":"true", "version":"1727064358984"}}
{"logTime": "1128/080719", "correlationVector":"mT32mRPXQGjhFJt1F7Zl+m.154","action":"GetUpdates", "result":"DeleteReceived", "context":{"id":"6bd3de6f-c022-4f0e-abb0-a85380dd98a5", "isDeleted:":"true", "version":"1727064358985"}}
{"logTime": "1128/080719", "correlationVector":"mT32mRPXQGjhFJt1F7Zl+m.155","action":"GetUpdates", "result":"DeleteReceived", "context":{"id":"e5fc64e0-72c6-4b8d-a6b4-7dd9ac613708", "isDeleted:":"true", "version":"1727064358986"}}
{"logTime": "1128/080719", "correlationVector":"mT32mRPXQGjhFJt1F7Zl+m.156","action":"GetUpdates", "result":"DeleteReceived", "context":{"id":"ba79018f-be44-40e8-b8d4-51483ff823c3", "isDeleted:":"true", "version":"1727064358987"}}
{"logTime": "1128/080719", "correlationVector":"mT32mRPXQGjhFJt1F7Zl+m.157","action":"GetUpdates", "result":"DeleteReceived", "context":{"id":"19856311-6c2e-48b7-b404-cf7292256129", "isDeleted:":"true", "version":"1727064358989"}}
{"logTime": "1128/080719", "correlationVector":"mT32mRPXQGjhFJt1F7Zl+m.158","action":"GetUpdates", "result":"DeleteReceived", "context":{"id":"d82dccb5-6730-4245-a47a-47a4e7e80743", "isDeleted:":"true", "version":"1727064358991"}}
{"logTime": "1128/080719", "correlationVector":"mT32mRPXQGjhFJt1F7Zl+m.159","action":"GetUpdates", "result":"DeleteReceived", "context":{"id":"b8ba02ec-df22-4da0-95a5-07c04dbc8ff2", "isDeleted:":"true", "version":"1727064358992"}}
{"logTime": "1128/080719", "correlationVector":"mT32mRPXQGjhFJt1F7Zl+m.160","action":"GetUpdates", "result":"DeleteReceived", "context":{"id":"740bd469-fb20-4adf-b9b5-8228b504ab3f", "isDeleted:":"true", "version":"1727064366145"}}
{"logTime": "1128/080719", "correlationVector":"mT32mRPXQGjhFJt1F7Zl+m.161","action":"GetUpdates", "result":"DeleteReceived", "context":{"id":"3cde9c2c-6148-4eae-94a7-9523bef44dab", "isDeleted:":"true", "version":"1727064366146"}}
{"logTime": "1128/080719", "correlationVector":"mT32mRPXQGjhFJt1F7Zl+m.162","action":"GetUpdates", "result":"DeleteReceived", "context":{"id":"bb24390c-492c-40ef-a639-909160e4a1d9", "isDeleted:":"true", "version":"1727064371877"}}
{"logTime": "1128/080719", "correlationVector":"mT32mRPXQGjhFJt1F7Zl+m.163","action":"GetUpdates", "result":"DeleteReceived", "context":{"id":"1defbf49-c05a-4375-bff5-035be6e9094a", "isDeleted:":"true", "version":"1727064378331"}}
{"logTime": "1128/080719", "correlationVector":"mT32mRPXQGjhFJt1F7Zl+m.164","action":"GetUpdates", "result":"DeleteReceived", "context":{"id":"7b92bf90-1d11-4423-95f2-bb15b52dc5b1", "isDeleted:":"true", "version":"1727064441655"}}
{"logTime": "1128/080719", "correlationVector":"mT32mRPXQGjhFJt1F7Zl+m.165","action":"GetUpdates", "result":"DeleteReceived", "context":{"id":"fece9667-33a0-483b-85a5-2edbd2ca7256", "isDeleted:":"true", "version":"1727064446678"}}
{"logTime": "1128/080719", "correlationVector":"mT32mRPXQGjhFJt1F7Zl+m.166","action":"GetUpdates", "result":"DeleteReceived", "context":{"id":"f6e2886d-8d2c-4a1b-b2cb-8d04e8d0003a", "isDeleted:":"true", "version":"1727064446679"}}
{"logTime": "1128/080719", "correlationVector":"mT32mRPXQGjhFJt1F7Zl+m.167","action":"GetUpdates", "result":"DeleteReceived", "context":{"id":"b31768f4-a7de-4fb1-acd2-c3edd16180b5", "isDeleted:":"true", "version":"1727064449452"}}
{"logTime": "1128/080719", "correlationVector":"mT32mRPXQGjhFJt1F7Zl+m.168","action":"GetUpdates", "result":"DeleteReceived", "context":{"id":"fb76fcba-13b5-4f5f-bdee-5d2727e4c957", "isDeleted:":"true", "version":"1727064449453"}}
{"logTime": "1128/080719", "correlationVector":"mT32mRPXQGjhFJt1F7Zl+m.169","action":"GetUpdates", "result":"DeleteReceived", "context":{"id":"b646421f-dffc-4973-a370-540394a2e617", "isDeleted:":"true", "version":"1727064449454"}}
{"logTime": "1128/080719", "correlationVector":"mT32mRPXQGjhFJt1F7Zl+m.170","action":"GetUpdates", "result":"DeleteReceived", "context":{"id":"9e4ad91d-01fe-4897-b27d-bcf57ce5c6ca", "isDeleted:":"true", "version":"1727064449456"}}
{"logTime": "1128/080719", "correlationVector":"mT32mRPXQGjhFJt1F7Zl+m.171","action":"GetUpdates", "result":"DeleteReceived", "context":{"id":"42a4f311-cf4a-471e-bc4e-908eeb9e5adc", "isDeleted:":"true", "version":"1727064713619"}}
{"logTime": "1128/080719", "correlationVector":"mT32mRPXQGjhFJt1F7Zl+m.172","action":"GetUpdates", "result":"DeleteReceived", "context":{"id":"a828bf29-53bc-41d4-bb28-19644bf78310", "isDeleted:":"true", "version":"1727065532519"}}
{"logTime": "1128/080719", "correlationVector":"mT32mRPXQGjhFJt1F7Zl+m.173","action":"GetUpdates", "result":"DeleteReceived", "context":{"id":"e5023528-b29d-4fea-95e5-05807e698ec3", "isDeleted:":"true", "version":"1727065998997"}}
{"logTime": "1128/080719", "correlationVector":"mT32mRPXQGjhFJt1F7Zl+m.174","action":"GetUpdates", "result":"DeleteReceived", "context":{"id":"b862fefc-ca58-4c6d-b230-f08e6b92170d", "isDeleted:":"true", "version":"1727066258139"}}
{"logTime": "1128/080719", "correlationVector":"mT32mRPXQGjhFJt1F7Zl+m.175","action":"GetUpdates", "result":"DeleteReceived", "context":{"id":"cd4d1a9f-3205-41d0-91b5-f11d8292d861", "isDeleted:":"true", "version":"1727066331465"}}
{"logTime": "1128/080719", "correlationVector":"mT32mRPXQGjhFJt1F7Zl+m.176","action":"GetUpdates", "result":"DeleteReceived", "context":{"id":"fa343dfb-fc76-436e-8479-4474ab371a96", "isDeleted:":"true", "version":"1727066331466"}}
{"logTime": "1128/080719", "correlationVector":"mT32mRPXQGjhFJt1F7Zl+m.177","action":"GetUpdates", "result":"DeleteReceived", "context":{"id":"17d2c149-bbc7-48a2-9573-e4e6acd8f1f5", "isDeleted:":"true", "version":"1727066331467"}}
{"logTime": "1128/080719", "correlationVector":"mT32mRPXQGjhFJt1F7Zl+m.178","action":"GetUpdates", "result":"DeleteReceived", "context":{"id":"5da91d67-805c-49f8-a0d8-473a9016f3bc", "isDeleted:":"true", "version":"1727068832942"}}
{"logTime": "1128/080719", "correlationVector":"mT32mRPXQGjhFJt1F7Zl+m.179","action":"GetUpdates", "result":"DeleteReceived", "context":{"id":"e52193e7-8766-49c2-b2fd-d365d87f4ebb", "isDeleted:":"true", "version":"1727069133076"}}
{"logTime": "1128/080719", "correlationVector":"mT32mRPXQGjhFJt1F7Zl+m.180","action":"GetUpdates", "result":"DeleteReceived", "context":{"id":"18f36876-8190-4e7a-b811-693caac24b41", "isDeleted:":"true", "version":"1727070112739"}}
{"logTime": "1128/080719", "correlationVector":"mT32mRPXQGjhFJt1F7Zl+m.181","action":"GetUpdates", "result":"DeleteReceived", "context":{"id":"a0d5a841-142f-4057-9fa7-a2fdc837b9bd", "isDeleted:":"true", "version":"1727070418253"}}
{"logTime": "1128/080719", "correlationVector":"mT32mRPXQGjhFJt1F7Zl+m.182","action":"GetUpdates", "result":"DeleteReceived", "context":{"id":"4cc77b3d-ded7-462f-ad4b-9130889415ea", "isDeleted:":"true", "version":"1727070783475"}}
{"logTime": "1128/080719", "correlationVector":"mT32mRPXQGjhFJt1F7Zl+m.183","action":"GetUpdates", "result":"DeleteReceived", "context":{"id":"c57a1826-7736-408c-a0e4-d4d100967763", "isDeleted:":"true", "version":"1727070876559"}}
{"logTime": "1128/080719", "correlationVector":"mT32mRPXQGjhFJt1F7Zl+m.184","action":"GetUpdates", "result":"DeleteReceived", "context":{"id":"5419d08d-ef39-4715-b163-16d03f8bda36", "isDeleted:":"true", "version":"1727071256034"}}
{"logTime": "1128/080719", "correlationVector":"mT32mRPXQGjhFJt1F7Zl+m.185","action":"GetUpdates", "result":"DeleteReceived", "context":{"id":"cdb283e3-7138-4d61-b162-2f05df416d9d", "isDeleted:":"true", "version":"1727071256035"}}
{"logTime": "1128/080719", "correlationVector":"mT32mRPXQGjhFJt1F7Zl+m.186","action":"GetUpdates", "result":"DeleteReceived", "context":{"id":"3c169041-41b5-4b02-b16e-adc3d0e34fe3", "isDeleted:":"true", "version":"1727071304687"}}
{"logTime": "1128/080719", "correlationVector":"mT32mRPXQGjhFJt1F7Zl+m.187","action":"GetUpdates", "result":"DeleteReceived", "context":{"id":"90ff744e-132c-49f2-be3b-e001f23e8994", "isDeleted:":"true", "version":"1727071322032"}}
{"logTime": "1128/080719", "correlationVector":"mT32mRPXQGjhFJt1F7Zl+m.188","action":"GetUpdates", "result":"DeleteReceived", "context":{"id":"fe1c8647-892e-4469-bfec-c1c282316626", "isDeleted:":"true", "version":"1727071357031"}}
{"logTime": "1128/080719", "correlationVector":"mT32mRPXQGjhFJt1F7Zl+m.189","action":"GetUpdates", "result":"DeleteReceived", "context":{"id":"7b841252-1262-4d5c-9ea7-33135069add1", "isDeleted:":"true", "version":"1727071402088"}}
{"logTime": "1128/080719", "correlationVector":"mT32mRPXQGjhFJt1F7Zl+m.190","action":"GetUpdates", "result":"DeleteReceived", "context":{"id":"a083f3a4-8a04-48eb-a221-920993628548", "isDeleted:":"true", "version":"1727071690060"}}
{"logTime": "1128/080719", "correlationVector":"mT32mRPXQGjhFJt1F7Zl+m.191","action":"GetUpdates", "result":"DeleteReceived", "context":{"id":"4010f9f3-7345-4138-aed5-a8aca6465826", "isDeleted:":"true", "version":"1727071773397"}}
{"logTime": "1128/080719", "correlationVector":"mT32mRPXQGjhFJt1F7Zl+m.192","action":"GetUpdates", "result":"DeleteReceived", "context":{"id":"1140763f-6bd7-47bb-8866-674e9c1b6c91", "isDeleted:":"true", "version":"1727072622747"}}
{"logTime": "1128/080719", "correlationVector":"mT32mRPXQGjhFJt1F7Zl+m.193","action":"GetUpdates", "result":"DeleteReceived", "context":{"id":"a3667d59-85ea-4818-b3d0-2329a18d1bbb", "isDeleted:":"true", "version":"1727073279779"}}
{"logTime": "1128/080719", "correlationVector":"mT32mRPXQGjhFJt1F7Zl+m.194","action":"GetUpdates", "result":"DeleteReceived", "context":{"id":"ede13915-8fc4-434e-af5f-0f4c1ad63545", "isDeleted:":"true", "version":"1727073279780"}}
{"logTime": "1128/080719", "correlationVector":"mT32mRPXQGjhFJt1F7Zl+m.195","action":"GetUpdates", "result":"DeleteReceived", "context":{"id":"065fcb33-8d45-454f-b80d-f544baa6b058", "isDeleted:":"true", "version":"1727073550557"}}
{"logTime": "1128/080719", "correlationVector":"mT32mRPXQGjhFJt1F7Zl+m.196","action":"GetUpdates", "result":"DeleteReceived", "context":{"id":"9f0caf6f-6f14-4a52-b8a2-32d135e5155a", "isDeleted:":"true", "version":"1727074094123"}}
{"logTime": "1128/080719", "correlationVector":"mT32mRPXQGjhFJt1F7Zl+m.197","action":"GetUpdates", "result":"DeleteReceived", "context":{"id":"e0e55547-edbb-4a3c-9f6e-245761b3c050", "isDeleted:":"true", "version":"1727074328004"}}
{"logTime": "1128/080719", "correlationVector":"mT32mRPXQGjhFJt1F7Zl+m.198","action":"GetUpdates", "result":"DeleteReceived", "context":{"id":"c15a4acc-8a55-448e-a9e0-4bbeea6f0a13", "isDeleted:":"true", "version":"1727074786377"}}
{"logTime": "1128/080719", "correlationVector":"mT32mRPXQGjhFJt1F7Zl+m.199","action":"GetUpdates", "result":"DeleteReceived", "context":{"id":"02fdc701-79a9-41d3-8ffa-1535aa768a0a", "isDeleted:":"true", "version":"1727075453405"}}
{"logTime": "1128/080719", "correlationVector":"mT32mRPXQGjhFJt1F7Zl+m.200","action":"GetUpdates", "result":"DeleteReceived", "context":{"id":"c382f876-bafe-4b32-8fff-e82bbd3af062", "isDeleted:":"true", "version":"1727095075207"}}
{"logTime": "1128/080719", "correlationVector":"mT32mRPXQGjhFJt1F7Zl+m.201","action":"GetUpdates", "result":"DeleteReceived", "context":{"id":"2b5198aa-23ca-40a8-b04e-0ddee6d6647a", "isDeleted:":"true", "version":"1727098888862"}}
{"logTime": "1128/080719", "correlationVector":"mT32mRPXQGjhFJt1F7Zl+m.202","action":"GetUpdates", "result":"DeleteReceived", "context":{"id":"6c84b983-493b-4e64-960f-f75b92e302da", "isDeleted:":"true", "version":"1727098888863"}}
{"logTime": "1128/080719", "correlationVector":"mT32mRPXQGjhFJt1F7Zl+m.203","action":"GetUpdates", "result":"DeleteReceived", "context":{"id":"b1f09024-0b60-4d04-aedc-2732f070f600", "isDeleted:":"true", "version":"1727113641280"}}
{"logTime": "1128/080719", "correlationVector":"mT32mRPXQGjhFJt1F7Zl+m.204","action":"GetUpdates", "result":"DeleteReceived", "context":{"id":"3a840aae-69b6-4f62-9a5a-ac3870097876", "isDeleted:":"true", "version":"1727164338343"}}
{"logTime": "1128/080719", "correlationVector":"mT32mRPXQGjhFJt1F7Zl+m.205","action":"GetUpdates Response", "result":"Success", "context":Received 250 update(s). cV=mT32mRPXQGjhFJt1F7Zl+m.0;server=GENERAL0200000X;cloudType=Consumer;environment=Prod_WestEurope_x00e;migrationStage=NotStarted Some updates remain.}
{"logTime": "1128/080719", "correlationVector":"eSvhuL2qqLT0zSC/CmkfpY","action":"Initial GetUpdates", "result":"", "context":Reason: NEWLY_SUPPORTED_DATATYPE. cV=eSvhuL2qqLT0zSC/CmkfpY}
{"logTime": "1128/080719", "correlationVector":"eSvhuL2qqLT0zSC/CmkfpY.1","action":"SyncServerConnectionManagerRequest", "result":"SYNC_SERVER_OK", "context":{"environment":"Prod_NorthEurope_000h", "migrationStage":"NotStarted", "server":"GENERAL0100002P"}}
{"logTime": "1128/080719", "correlationVector":"eSvhuL2qqLT0zSC/CmkfpY.2","action":"GetUpdates", "result":"DeleteReceived", "context":{"id":"5e66f213-90c5-4e10-b7a7-9c9280efed46", "isDeleted:":"true", "version":"1727868924797"}}
{"logTime": "1128/080719", "correlationVector":"eSvhuL2qqLT0zSC/CmkfpY.3","action":"GetUpdates", "result":"DeleteReceived", "context":{"id":"2007acc0-69ca-461b-8a73-666f88069d09", "isDeleted:":"true", "version":"1727166152836"}}
{"logTime": "1128/080719", "correlationVector":"eSvhuL2qqLT0zSC/CmkfpY.4","action":"GetUpdates", "result":"DeleteReceived", "context":{"id":"734e95d9-4940-4168-b32e-f07fd13925a7", "isDeleted:":"true", "version":"1727175134896"}}
{"logTime": "1128/080719", "correlationVector":"eSvhuL2qqLT0zSC/CmkfpY.5","action":"GetUpdates", "result":"DeleteReceived", "context":{"id":"679f8bd4-0e50-4bdd-a97a-c760577eacda", "isDeleted:":"true", "version":"1727175134900"}}
{"logTime": "1128/080719", "correlationVector":"eSvhuL2qqLT0zSC/CmkfpY.6","action":"GetUpdates", "result":"DeleteReceived", "context":{"id":"70b27652-7918-4bad-8145-eb8ec1b9519c", "isDeleted:":"true", "version":"1727175134902"}}
{"logTime": "1128/080719", "correlationVector":"eSvhuL2qqLT0zSC/CmkfpY.7","action":"GetUpdates", "result":"DeleteReceived", "context":{"id":"d3d65af0-4545-4c6f-88da-78dffbe5ff35", "isDeleted:":"true", "version":"1727175134903"}}
{"logTime": "1128/080719", "correlationVector":"eSvhuL2qqLT0zSC/CmkfpY.8","action":"GetUpdates", "result":"DeleteReceived", "context":{"id":"74ef49c8-d991-43e7-907e-dce52d00348e", "isDeleted:":"true", "version":"1727175134905"}}
{"logTime": "1128/080719", "correlationVector":"eSvhuL2qqLT0zSC/CmkfpY.9","action":"GetUpdates", "result":"DeleteReceived", "context":{"id":"27651917-1b61-4ff2-82be-cc171583cafb", "isDeleted:":"true", "version":"1727175135953"}}
{"logTime": "1128/080719", "correlationVector":"eSvhuL2qqLT0zSC/CmkfpY.10","action":"GetUpdates", "result":"DeleteReceived", "context":{"id":"8496bcc3-e5d1-45dd-af40-ee77c43df378", "isDeleted:":"true", "version":"1727175135954"}}
{"logTime": "1128/080719", "correlationVector":"eSvhuL2qqLT0zSC/CmkfpY.11","action":"GetUpdates", "result":"DeleteReceived", "context":{"id":"7a943952-afe8-4c16-9c69-bf056a5c4c83", "isDeleted:":"true", "version":"1727175135955"}}
{"logTime": "1128/080719", "correlationVector":"eSvhuL2qqLT0zSC/CmkfpY.12","action":"GetUpdates", "result":"DeleteReceived", "context":{"id":"7544743a-4d1c-4504-a6bb-2c1bc7bc9fa3", "isDeleted:":"true", "version":"1727175135956"}}
{"logTime": "1128/080719", "correlationVector":"eSvhuL2qqLT0zSC/CmkfpY.13","action":"GetUpdates", "result":"DeleteReceived", "context":{"id":"bdf9936f-bd15-483f-9c74-c91663e65ea7", "isDeleted:":"true", "version":"1727175135958"}}
{"logTime": "1128/080719", "correlationVector":"eSvhuL2qqLT0zSC/CmkfpY.14","action":"GetUpdates", "result":"DeleteReceived", "context":{"id":"b80c9a7e-5815-47a7-8574-59a7521e237f", "isDeleted:":"true", "version":"1727175144352"}}
{"logTime": "1128/080719", "correlationVector":"eSvhuL2qqLT0zSC/CmkfpY.15","action":"GetUpdates", "result":"DeleteReceived", "context":{"id":"59a97603-23b1-44f6-a513-fd481476736e", "isDeleted:":"true", "version":"1727175144355"}}
{"logTime": "1128/080719", "correlationVector":"eSvhuL2qqLT0zSC/CmkfpY.16","action":"GetUpdates", "result":"DeleteReceived", "context":{"id":"dfcf24f6-a586-43dd-8bdd-63e09685c953", "isDeleted:":"true", "version":"1727175144357"}}
{"logTime": "1128/080719", "correlationVector":"eSvhuL2qqLT0zSC/CmkfpY.17","action":"GetUpdates", "result":"DeleteReceived", "context":{"id":"285a8f92-a022-4bd3-80b2-ff261c45ef55", "isDeleted:":"true", "version":"1727175188757"}}
{"logTime": "1128/080719", "correlationVector":"eSvhuL2qqLT0zSC/CmkfpY.18","action":"GetUpdates", "result":"DeleteReceived", "context":{"id":"e50d2602-b940-4039-8d40-c60b2a17bf92", "isDeleted:":"true", "version":"1727175188758"}}
{"logTime": "1128/080719", "correlationVector":"eSvhuL2qqLT0zSC/CmkfpY.19","action":"GetUpdates", "result":"DeleteReceived", "context":{"id":"58a925a5-c314-412d-b6f3-335d15f24471", "isDeleted:":"true", "version":"1727175188759"}}
{"logTime": "1128/080719", "correlationVector":"eSvhuL2qqLT0zSC/CmkfpY.20","action":"GetUpdates", "result":"DeleteReceived", "context":{"id":"a610c85b-3753-4df9-a825-0fd0b047c43a", "isDeleted:":"true", "version":"1727175188760"}}
{"logTime": "1128/080719", "correlationVector":"eSvhuL2qqLT0zSC/CmkfpY.21","action":"GetUpdates", "result":"DeleteReceived", "context":{"id":"aa9a2bea-629c-4f39-bd72-a9f06f3f5344", "isDeleted:":"true", "version":"1727175188761"}}
{"logTime": "1128/080719", "correlationVector":"eSvhuL2qqLT0zSC/CmkfpY.22","action":"GetUpdates", "result":"DeleteReceived", "context":{"id":"d8562d70-300f-41e3-9d2a-4aa8ecc679a9", "isDeleted:":"true", "version":"1727178589620"}}
{"logTime": "1128/080719", "correlationVector":"eSvhuL2qqLT0zSC/CmkfpY.23","action":"GetUpdates", "result":"DeleteReceived", "context":{"id":"e509c196-6fb6-44b6-b3eb-9916541b1510", "isDeleted:":"true", "version":"1727179157935"}}
{"logTime": "1128/080719", "correlationVector":"eSvhuL2qqLT0zSC/CmkfpY.24","action":"GetUpdates", "result":"DeleteReceived", "context":{"id":"6e580bab-9bfc-42a0-84b0-ad7d72ee7ed8", "isDeleted:":"true", "version":"1727179173069"}}
{"logTime": "1128/080719", "correlationVector":"eSvhuL2qqLT0zSC/CmkfpY.25","action":"GetUpdates", "result":"DeleteReceived", "context":{"id":"d2f750ca-cd79-41e3-855d-4a75e2f5edad", "isDeleted:":"true", "version":"1727180863228"}}
{"logTime": "1128/080719", "correlationVector":"eSvhuL2qqLT0zSC/CmkfpY.26","action":"GetUpdates", "result":"DeleteReceived", "context":{"id":"feddf97a-aec4-4ea3-9e78-678cfd7a2525", "isDeleted:":"true", "version":"1727181429079"}}
{"logTime": "1128/080719", "correlationVector":"eSvhuL2qqLT0zSC/CmkfpY.27","action":"GetUpdates", "result":"DeleteReceived", "context":{"id":"d4e0a085-bdf0-4914-b84c-908cff98e0b8", "isDeleted:":"true", "version":"1727183232660"}}
{"logTime": "1128/080719", "correlationVector":"eSvhuL2qqLT0zSC/CmkfpY.28","action":"GetUpdates", "result":"DeleteReceived", "context":{"id":"6ad28029-9d56-4ea7-b2f1-275f690463b9", "isDeleted:":"true", "version":"1727184508931"}}
{"logTime": "1128/080719", "correlationVector":"eSvhuL2qqLT0zSC/CmkfpY.29","action":"GetUpdates", "result":"DeleteReceived", "context":{"id":"36889654-c1e3-464f-828f-cd0a0d0fc550", "isDeleted:":"true", "version":"1727185831661"}}
{"logTime": "1128/080719", "correlationVector":"eSvhuL2qqLT0zSC/CmkfpY.30","action":"GetUpdates", "result":"DeleteReceived", "context":{"id":"201e4ef9-6a1c-4979-8512-46a197052917", "isDeleted:":"true", "version":"1727185966576"}}
{"logTime": "1128/080719", "correlationVector":"eSvhuL2qqLT0zSC/CmkfpY.31","action":"GetUpdates", "result":"DeleteReceived", "context":{"id":"9e53d630-386e-4cae-bc7e-3faf3264cf07", "isDeleted:":"true", "version":"1727186211925"}}
{"logTime": "1128/080719", "correlationVector":"eSvhuL2qqLT0zSC/CmkfpY.32","action":"GetUpdates", "result":"DeleteReceived", "context":{"id":"a15cb2e4-ed4c-41e9-a6d7-7105cae010e5", "isDeleted:":"true", "version":"1727186567739"}}
{"logTime": "1128/080719", "correlationVector":"eSvhuL2qqLT0zSC/CmkfpY.33","action":"GetUpdates", "result":"DeleteReceived", "context":{"id":"63bec32d-5500-484d-a7aa-d179897a8c6d", "isDeleted:":"true", "version":"1727187060768"}}
{"logTime": "1128/080719", "correlationVector":"eSvhuL2qqLT0zSC/CmkfpY.34","action":"GetUpdates", "result":"DeleteReceived", "context":{"id":"24c87646-ce1c-4d89-ab3f-6faaeff112b0", "isDeleted:":"true", "version":"1727187093266"}}
{"logTime": "1128/080719", "correlationVector":"eSvhuL2qqLT0zSC/CmkfpY.35","action":"GetUpdates", "result":"DeleteReceived", "context":{"id":"4d260612-128c-472b-9cd5-b11907314577", "isDeleted:":"true", "version":"1727187368329"}}
{"logTime": "1128/080719", "correlationVector":"eSvhuL2qqLT0zSC/CmkfpY.36","action":"GetUpdates", "result":"DeleteReceived", "context":{"id":"e54fd3cd-8082-4e3b-aed4-7ed60ad73247", "isDeleted:":"true", "version":"1727187368330"}}
{"logTime": "1128/080719", "correlationVector":"eSvhuL2qqLT0zSC/CmkfpY.37","action":"GetUpdates", "result":"DeleteReceived", "context":{"id":"aa61656e-21e2-48a1-866b-f52ec837c5b3", "isDeleted:":"true", "version":"1727187368331"}}
{"logTime": "1128/080719", "correlationVector":"eSvhuL2qqLT0zSC/CmkfpY.38","action":"GetUpdates", "result":"DeleteReceived", "context":{"id":"6b04ff20-1271-469f-bd1b-5d7d67ca446f", "isDeleted:":"true", "version":"1727187577179"}}
{"logTime": "1128/080719", "correlationVector":"eSvhuL2qqLT0zSC/CmkfpY.39","action":"GetUpdates", "result":"DeleteReceived", "context":{"id":"3182a8a9-dee9-429c-9ef5-b422b0da4364", "isDeleted:":"true", "version":"1727187815080"}}
{"logTime": "1128/080719", "correlationVector":"eSvhuL2qqLT0zSC/CmkfpY.40","action":"GetUpdates", "result":"DeleteReceived", "context":{"id":"5f6476a4-01c1-440f-b380-b2a18b0d580e", "isDeleted:":"true", "version":"1727187815081"}}
{"logTime": "1128/080719", "correlationVector":"eSvhuL2qqLT0zSC/CmkfpY.41","action":"GetUpdates", "result":"DeleteReceived", "context":{"id":"d99a80f0-fe13-4071-8fab-7e85bb24a33d", "isDeleted:":"true", "version":"1727187858467"}}
{"logTime": "1128/080719", "correlationVector":"eSvhuL2qqLT0zSC/CmkfpY.42","action":"GetUpdates", "result":"DeleteReceived", "context":{"id":"2c4584a4-60ad-4c98-9cdf-9413b7ba5baf", "isDeleted:":"true", "version":"1727187890100"}}
{"logTime": "1128/080719", "correlationVector":"eSvhuL2qqLT0zSC/CmkfpY.43","action":"GetUpdates", "result":"DeleteReceived", "context":{"id":"03d459b0-c14a-4eb3-9825-f12ecf133464", "isDeleted:":"true", "version":"1727187890101"}}
{"logTime": "1128/080719", "correlationVector":"eSvhuL2qqLT0zSC/CmkfpY.44","action":"GetUpdates", "result":"DeleteReceived", "context":{"id":"b8460a8b-a7ab-4d6d-8973-de6569fdaef5", "isDeleted:":"true", "version":"1727188317432"}}
{"logTime": "1128/080719", "correlationVector":"eSvhuL2qqLT0zSC/CmkfpY.45","action":"GetUpdates", "result":"DeleteReceived", "context":{"id":"0d199eb4-a7b6-4b4c-a1f6-047612fcce91", "isDeleted:":"true", "version":"1727188317433"}}
{"logTime": "1128/080719", "correlationVector":"eSvhuL2qqLT0zSC/CmkfpY.46","action":"GetUpdates", "result":"DeleteReceived", "context":{"id":"11e82083-d923-45d4-b04a-5c52acb2f67e", "isDeleted:":"true", "version":"1727188317435"}}
{"logTime": "1128/080719", "correlationVector":"eSvhuL2qqLT0zSC/CmkfpY.47","action":"GetUpdates", "result":"DeleteReceived", "context":{"id":"0f6e04d8-fbcc-439f-a129-10cc2c059e1d", "isDeleted:":"true", "version":"1727188349241"}}
{"logTime": "1128/080719", "correlationVector":"eSvhuL2qqLT0zSC/CmkfpY.48","action":"GetUpdates", "result":"DeleteReceived", "context":{"id":"d8a7c236-a6c6-4665-bb6d-3277d95a9cfd", "isDeleted:":"true", "version":"1727188349242"}}
{"logTime": "1128/080719", "correlationVector":"eSvhuL2qqLT0zSC/CmkfpY.49","action":"GetUpdates", "result":"DeleteReceived", "context":{"id":"628c1b16-4c96-458b-bf4f-746dddcd7f63", "isDeleted:":"true", "version":"1727188349243"}}
{"logTime": "1128/080719", "correlationVector":"eSvhuL2qqLT0zSC/CmkfpY.50","action":"GetUpdates", "result":"DeleteReceived", "context":{"id":"3e32ba41-d639-40d0-aa44-e9781fa881f5", "isDeleted:":"true", "version":"1727188349245"}}
{"logTime": "1128/080719", "correlationVector":"eSvhuL2qqLT0zSC/CmkfpY.51","action":"GetUpdates", "result":"DeleteReceived", "context":{"id":"18bd56b3-bf62-47a0-b080-fae56f90b0d1", "isDeleted:":"true", "version":"1727188349246"}}
{"logTime": "1128/080719", "correlationVector":"eSvhuL2qqLT0zSC/CmkfpY.52","action":"GetUpdates", "result":"DeleteReceived", "context":{"id":"788b6b51-58a7-424c-b3b1-65d518ed14e5", "isDeleted:":"true", "version":"1727188349248"}}
{"logTime": "1128/080719", "correlationVector":"eSvhuL2qqLT0zSC/CmkfpY.53","action":"GetUpdates", "result":"DeleteReceived", "context":{"id":"3233a426-176a-4bfd-a7a3-b325b989b047", "isDeleted:":"true", "version":"1727188349250"}}
{"logTime": "1128/080719", "correlationVector":"eSvhuL2qqLT0zSC/CmkfpY.54","action":"GetUpdates", "result":"DeleteReceived", "context":{"id":"fb00262e-a976-4397-bb5a-c3981cff601c", "isDeleted:":"true", "version":"1727188349252"}}
{"logTime": "1128/080719", "correlationVector":"eSvhuL2qqLT0zSC/CmkfpY.55","action":"GetUpdates", "result":"DeleteReceived", "context":{"id":"8b8e114e-1047-4573-9899-8b6b724309da", "isDeleted:":"true", "version":"1727188382401"}}
{"logTime": "1128/080719", "correlationVector":"eSvhuL2qqLT0zSC/CmkfpY.56","action":"GetUpdates", "result":"DeleteReceived", "context":{"id":"39f0f847-c858-4518-a774-74beddd7f1d5", "isDeleted:":"true", "version":"1727188448655"}}
{"logTime": "1128/080719", "correlationVector":"eSvhuL2qqLT0zSC/CmkfpY.57","action":"GetUpdates", "result":"DeleteReceived", "context":{"id":"fd6f5173-6f32-4e51-95c7-140591eda73c", "isDeleted:":"true", "version":"1727188481015"}}
{"logTime": "1128/080719", "correlationVector":"eSvhuL2qqLT0zSC/CmkfpY.58","action":"GetUpdates", "result":"DeleteReceived", "context":{"id":"b24805d1-6dd0-4302-b31c-0407b77233c3", "isDeleted:":"true", "version":"1727188878045"}}
{"logTime": "1128/080719", "correlationVector":"eSvhuL2qqLT0zSC/CmkfpY.59","action":"GetUpdates", "result":"DeleteReceived", "context":{"id":"9b80ca39-de53-400f-b34d-57e1fee8f9ff", "isDeleted:":"true", "version":"1727188921141"}}
{"logTime": "1128/080719", "correlationVector":"eSvhuL2qqLT0zSC/CmkfpY.60","action":"GetUpdates", "result":"DeleteReceived", "context":{"id":"16752088-ddf1-4ecd-81fe-7d496b98288b", "isDeleted:":"true", "version":"1727189064852"}}
{"logTime": "1128/080719", "correlationVector":"eSvhuL2qqLT0zSC/CmkfpY.61","action":"GetUpdates", "result":"DeleteReceived", "context":{"id":"eb80cdeb-fabe-4fef-82c0-2fe605d6aaaf", "isDeleted:":"true", "version":"1727189320885"}}
{"logTime": "1128/080719", "correlationVector":"eSvhuL2qqLT0zSC/CmkfpY.62","action":"GetUpdates", "result":"DeleteReceived", "context":{"id":"22c37360-c279-4671-b58a-4c1864c82c3d", "isDeleted:":"true", "version":"1727189489059"}}
{"logTime": "1128/080719", "correlationVector":"eSvhuL2qqLT0zSC/CmkfpY.63","action":"GetUpdates", "result":"DeleteReceived", "context":{"id":"237ddc35-10bf-4c0f-9fb1-819aa1124b4b", "isDeleted:":"true", "version":"1727189839806"}}
{"logTime": "1128/080719", "correlationVector":"eSvhuL2qqLT0zSC/CmkfpY.64","action":"GetUpdates", "result":"DeleteReceived", "context":{"id":"a06e8c75-ea81-496a-9102-8572c1644ac2", "isDeleted:":"true", "version":"1727190021166"}}
{"logTime": "1128/080719", "correlationVector":"eSvhuL2qqLT0zSC/CmkfpY.65","action":"GetUpdates", "result":"DeleteReceived", "context":{"id":"bd322d33-2910-4924-b24a-4969526170b2", "isDeleted:":"true", "version":"1727191494896"}}
{"logTime": "1128/080719", "correlationVector":"eSvhuL2qqLT0zSC/CmkfpY.66","action":"GetUpdates", "result":"DeleteReceived", "context":{"id":"c21f6b01-afe9-4610-9361-89b938183608", "isDeleted:":"true", "version":"1727192217234"}}
{"logTime": "1128/080719", "correlationVector":"eSvhuL2qqLT0zSC/CmkfpY.67","action":"GetUpdates", "result":"DeleteReceived", "context":{"id":"7cfd6fd1-be49-4419-a2e4-319c803de27a", "isDeleted:":"true", "version":"1727192281390"}}
{"logTime": "1128/080719", "correlationVector":"eSvhuL2qqLT0zSC/CmkfpY.68","action":"GetUpdates", "result":"DeleteReceived", "context":{"id":"c30e7c22-4e3d-4d67-aff2-6d613135e84d", "isDeleted:":"true", "version":"1727192314237"}}
{"logTime": "1128/080719", "correlationVector":"eSvhuL2qqLT0zSC/CmkfpY.69","action":"GetUpdates", "result":"DeleteReceived", "context":{"id":"6f4b8d94-a295-41b9-a882-93e1cfd1cf95", "isDeleted:":"true", "version":"1727192346408"}}
{"logTime": "1128/080719", "correlationVector":"eSvhuL2qqLT0zSC/CmkfpY.70","action":"GetUpdates", "result":"DeleteReceived", "context":{"id":"4bf12053-60dd-421a-99c0-34933ab9c2ce", "isDeleted:":"true", "version":"1727192346409"}}
{"logTime": "1128/080719", "correlationVector":"eSvhuL2qqLT0zSC/CmkfpY.71","action":"GetUpdates", "result":"DeleteReceived", "context":{"id":"19a0b5e8-2cb3-4d1e-8072-cb46cfe4b800", "isDeleted:":"true", "version":"1727192546755"}}
{"logTime": "1128/080719", "correlationVector":"eSvhuL2qqLT0zSC/CmkfpY.72","action":"GetUpdates", "result":"DeleteReceived", "context":{"id":"b8d732ec-6cb5-408f-b6d8-7e8d236ee65a", "isDeleted:":"true", "version":"1727192898056"}}
{"logTime": "1128/080719", "correlationVector":"eSvhuL2qqLT0zSC/CmkfpY.73","action":"GetUpdates", "result":"DeleteReceived", "context":{"id":"8588f81c-9ee9-4b78-9bba-475dcb9d0f12", "isDeleted:":"true", "version":"1727193285064"}}
{"logTime": "1128/080719", "correlationVector":"eSvhuL2qqLT0zSC/CmkfpY.74","action":"GetUpdates", "result":"DeleteReceived", "context":{"id":"859bb2bb-c92d-4a7a-a6df-2ffc3445e027", "isDeleted:":"true", "version":"1727193441065"}}
{"logTime": "1128/080719", "correlationVector":"eSvhuL2qqLT0zSC/CmkfpY.75","action":"GetUpdates", "result":"DeleteReceived", "context":{"id":"23d4be49-399f-40ad-b114-b8e74b0a9881", "isDeleted:":"true", "version":"1727193868137"}}
{"logTime": "1128/080719", "correlationVector":"eSvhuL2qqLT0zSC/CmkfpY.76","action":"GetUpdates", "result":"DeleteReceived", "context":{"id":"8ef7fef9-2242-49cc-a8e2-b5e62c942dab", "isDeleted:":"true", "version":"1727194084180"}}
{"logTime": "1128/080719", "correlationVector":"eSvhuL2qqLT0zSC/CmkfpY.77","action":"GetUpdates", "result":"DeleteReceived", "context":{"id":"c3b1536d-7f94-4036-8c52-40655a8880a0", "isDeleted:":"true", "version":"1727194416515"}}
{"logTime": "1128/080719", "correlationVector":"eSvhuL2qqLT0zSC/CmkfpY.78","action":"GetUpdates", "result":"DeleteReceived", "context":{"id":"9bca9050-3af8-42b6-b1c7-204ef57d3dc5", "isDeleted:":"true", "version":"1727194460318"}}
{"logTime": "1128/080719", "correlationVector":"eSvhuL2qqLT0zSC/CmkfpY.79","action":"GetUpdates", "result":"DeleteReceived", "context":{"id":"34a9147a-3548-4106-8f53-3ef7b5a8f54f", "isDeleted:":"true", "version":"1727194726190"}}
{"logTime": "1128/080719", "correlationVector":"eSvhuL2qqLT0zSC/CmkfpY.80","action":"GetUpdates", "result":"DeleteReceived", "context":{"id":"79e64243-6adb-4048-8c74-8561bf76f4e7", "isDeleted:":"true", "version":"1727196303587"}}
{"logTime": "1128/080719", "correlationVector":"eSvhuL2qqLT0zSC/CmkfpY.81","action":"GetUpdates", "result":"DeleteReceived", "context":{"id":"0a218bc8-5a76-4c3f-ae45-1cc0591674c1", "isDeleted:":"true", "version":"1727197214940"}}
{"logTime": "1128/080719", "correlationVector":"eSvhuL2qqLT0zSC/CmkfpY.82","action":"GetUpdates", "result":"DeleteReceived", "context":{"id":"8dfc9334-d289-4bf7-bb59-b4ae1df8cb10", "isDeleted:":"true", "version":"1727197380173"}}
{"logTime": "1128/080719", "correlationVector":"eSvhuL2qqLT0zSC/CmkfpY.83","action":"GetUpdates", "result":"DeleteReceived", "context":{"id":"4e91ab5d-07c1-4eca-a257-d0738cebeb1e", "isDeleted:":"true", "version":"1727197685974"}}
{"logTime": "1128/080719", "correlationVector":"eSvhuL2qqLT0zSC/CmkfpY.84","action":"GetUpdates", "result":"DeleteReceived", "context":{"id":"e3cf171f-8e13-4eb7-abcb-2466c81fe620", "isDeleted:":"true", "version":"1727199978007"}}
{"logTime": "1128/080719", "correlationVector":"eSvhuL2qqLT0zSC/CmkfpY.85","action":"GetUpdates", "result":"DeleteReceived", "context":{"id":"c1c457df-ae43-4ed3-879a-aece49de9ed6", "isDeleted:":"true", "version":"1727208559369"}}
{"logTime": "1128/080719", "correlationVector":"eSvhuL2qqLT0zSC/CmkfpY.86","action":"GetUpdates", "result":"DeleteReceived", "context":{"id":"443ceb47-3e6f-4c2c-9562-e44e4883ceb7", "isDeleted:":"true", "version":"1727211634600"}}
{"logTime": "1128/080719", "correlationVector":"eSvhuL2qqLT0zSC/CmkfpY.87","action":"GetUpdates", "result":"DeleteReceived", "context":{"id":"ef1e01ea-152b-4e2e-a528-ad5a8e15e263", "isDeleted:":"true", "version":"1727214213203"}}
{"logTime": "1128/080719", "correlationVector":"eSvhuL2qqLT0zSC/CmkfpY.88","action":"GetUpdates", "result":"DeleteReceived", "context":{"id":"039be537-c517-4ddd-b971-c2679167e5e3", "isDeleted:":"true", "version":"1727219697193"}}
{"logTime": "1128/080719", "correlationVector":"eSvhuL2qqLT0zSC/CmkfpY.89","action":"GetUpdates", "result":"DeleteReceived", "context":{"id":"a9f9b938-2fbc-4f1d-b4f5-ff6c4926aa3e", "isDeleted:":"true", "version":"1727220948815"}}
{"logTime": "1128/080719", "correlationVector":"eSvhuL2qqLT0zSC/CmkfpY.90","action":"GetUpdates", "result":"DeleteReceived", "context":{"id":"80bf5b3f-7ed6-496d-9e2d-5a6b621bd0e0", "isDeleted:":"true", "version":"1727231264453"}}
{"logTime": "1128/080719", "correlationVector":"eSvhuL2qqLT0zSC/CmkfpY.91","action":"GetUpdates", "result":"DeleteReceived", "context":{"id":"797dc22c-69f7-4b63-ad67-0094870b1c43", "isDeleted:":"true", "version":"1727262897219"}}
{"logTime": "1128/080719", "correlationVector":"eSvhuL2qqLT0zSC/CmkfpY.92","action":"GetUpdates", "result":"DeleteReceived", "context":{"id":"e59f8c66-e2c9-4a58-b7e2-321f8575a0bf", "isDeleted:":"true", "version":"1727263139041"}}
{"logTime": "1128/080719", "correlationVector":"eSvhuL2qqLT0zSC/CmkfpY.93","action":"GetUpdates", "result":"DeleteReceived", "context":{"id":"efef9494-d342-4410-849e-676b144d9250", "isDeleted:":"true", "version":"1727263141235"}}
{"logTime": "1128/080719", "correlationVector":"eSvhuL2qqLT0zSC/CmkfpY.94","action":"GetUpdates", "result":"DeleteReceived", "context":{"id":"8b02972f-5b3e-45b0-b4fb-b625283c5b36", "isDeleted:":"true", "version":"1727263141237"}}
{"logTime": "1128/080719", "correlationVector":"eSvhuL2qqLT0zSC/CmkfpY.95","action":"GetUpdates", "result":"DeleteReceived", "context":{"id":"b1da7b95-265f-416d-8e00-c44a49061353", "isDeleted:":"true", "version":"1727263141238"}}
{"logTime": "1128/080719", "correlationVector":"eSvhuL2qqLT0zSC/CmkfpY.96","action":"GetUpdates", "result":"DeleteReceived", "context":{"id":"e32c9177-da29-4512-aace-9a432fc11ac4", "isDeleted:":"true", "version":"1727263141239"}}
{"logTime": "1128/080719", "correlationVector":"eSvhuL2qqLT0zSC/CmkfpY.97","action":"GetUpdates", "result":"DeleteReceived", "context":{"id":"98ac4c37-0066-4b61-8970-8da66240da0d", "isDeleted:":"true", "version":"1727263143966"}}
{"logTime": "1128/080719", "correlationVector":"eSvhuL2qqLT0zSC/CmkfpY.98","action":"GetUpdates", "result":"DeleteReceived", "context":{"id":"6a76cc72-b775-4514-9d1c-944120cfcfce", "isDeleted:":"true", "version":"1727263174259"}}
{"logTime": "1128/080719", "correlationVector":"eSvhuL2qqLT0zSC/CmkfpY.99","action":"GetUpdates", "result":"DeleteReceived", "context":{"id":"1739367f-30fb-4c80-96b7-191bdd539954", "isDeleted:":"true", "version":"1727264777562"}}
{"logTime": "1128/080719", "correlationVector":"eSvhuL2qqLT0zSC/CmkfpY.100","action":"GetUpdates", "result":"DeleteReceived", "context":{"id":"f28c690b-89d3-40fc-a83d-823bae2664b0", "isDeleted:":"true", "version":"1727264777563"}}
{"logTime": "1128/080719", "correlationVector":"eSvhuL2qqLT0zSC/CmkfpY.101","action":"GetUpdates", "result":"DeleteReceived", "context":{"id":"4d9b1f5a-1706-49da-84b8-9b74eb22b36e", "isDeleted:":"true", "version":"1727271448036"}}
{"logTime": "1128/080719", "correlationVector":"eSvhuL2qqLT0zSC/CmkfpY.102","action":"GetUpdates", "result":"DeleteReceived", "context":{"id":"1e286480-623d-4343-b6ec-56d6cf214820", "isDeleted:":"true", "version":"1727271498025"}}
{"logTime": "1128/080719", "correlationVector":"eSvhuL2qqLT0zSC/CmkfpY.103","action":"GetUpdates", "result":"DeleteReceived", "context":{"id":"a769d113-7574-48ad-a8c9-3c4366dbc146", "isDeleted:":"true", "version":"1727272075252"}}
{"logTime": "1128/080719", "correlationVector":"eSvhuL2qqLT0zSC/CmkfpY.104","action":"GetUpdates", "result":"DeleteReceived", "context":{"id":"9ab7aa02-4351-42a7-bbb9-79d0e8e993cd", "isDeleted:":"true", "version":"1727273474522"}}
{"logTime": "1128/080719", "correlationVector":"eSvhuL2qqLT0zSC/CmkfpY.105","action":"GetUpdates", "result":"DeleteReceived", "context":{"id":"8380f1ff-adde-436d-ac32-51c60b426796", "isDeleted:":"true", "version":"1727273474523"}}
{"logTime": "1128/080719", "correlationVector":"eSvhuL2qqLT0zSC/CmkfpY.106","action":"GetUpdates", "result":"DeleteReceived", "context":{"id":"bee5436a-4fad-48d8-b7ee-174a9548a514", "isDeleted:":"true", "version":"1727273474524"}}
{"logTime": "1128/080719", "correlationVector":"eSvhuL2qqLT0zSC/CmkfpY.107","action":"GetUpdates", "result":"DeleteReceived", "context":{"id":"1b40c470-6f12-4f15-8e51-27edce48a148", "isDeleted:":"true", "version":"1727273474525"}}
{"logTime": "1128/080719", "correlationVector":"eSvhuL2qqLT0zSC/CmkfpY.108","action":"GetUpdates", "result":"DeleteReceived", "context":{"id":"c3330f25-5365-4b1a-a6ad-a54c31e10ea5", "isDeleted:":"true", "version":"1727273474526"}}
{"logTime": "1128/080719", "correlationVector":"eSvhuL2qqLT0zSC/CmkfpY.109","action":"GetUpdates", "result":"DeleteReceived", "context":{"id":"137199a2-0756-4cee-8a0a-74e53ad6a3a0", "isDeleted:":"true", "version":"1727280712496"}}
{"logTime": "1128/080719", "correlationVector":"eSvhuL2qqLT0zSC/CmkfpY.110","action":"GetUpdates", "result":"DeleteReceived", "context":{"id":"bd94645d-a099-48c1-b40d-02612b353143", "isDeleted:":"true", "version":"1727281393177"}}
{"logTime": "1128/080719", "correlationVector":"eSvhuL2qqLT0zSC/CmkfpY.111","action":"GetUpdates", "result":"DeleteReceived", "context":{"id":"f7b9b690-53d9-453d-93e3-2858cc826e31", "isDeleted:":"true", "version":"1727281792776"}}
{"logTime": "1128/080719", "correlationVector":"eSvhuL2qqLT0zSC/CmkfpY.112","action":"GetUpdates", "result":"DeleteReceived", "context":{"id":"260d7290-71c8-4393-aad6-e5623e91b4de", "isDeleted:":"true", "version":"1727336604036"}}
{"logTime": "1128/080719", "correlationVector":"eSvhuL2qqLT0zSC/CmkfpY.113","action":"GetUpdates", "result":"DeleteReceived", "context":{"id":"ef72401d-6d5a-4542-8fa2-4044860d19f7", "isDeleted:":"true", "version":"1727336633995"}}
{"logTime": "1128/080719", "correlationVector":"eSvhuL2qqLT0zSC/CmkfpY.114","action":"GetUpdates", "result":"DeleteReceived", "context":{"id":"d9ab3aed-9ce3-4056-afd1-cb65b886435b", "isDeleted:":"true", "version":"1727336694712"}}
{"logTime": "1128/080719", "correlationVector":"eSvhuL2qqLT0zSC/CmkfpY.115","action":"GetUpdates", "result":"DeleteReceived", "context":{"id":"75d9e350-008d-42a6-9320-1dc24c408419", "isDeleted:":"true", "version":"1727336894714"}}
{"logTime": "1128/080719", "correlationVector":"eSvhuL2qqLT0zSC/CmkfpY.116","action":"GetUpdates", "result":"DeleteReceived", "context":{"id":"7406d14e-5bd1-40f6-b1cc-75537ec28607", "isDeleted:":"true", "version":"1727336894715"}}
{"logTime": "1128/080719", "correlationVector":"eSvhuL2qqLT0zSC/CmkfpY.117","action":"GetUpdates", "result":"DeleteReceived", "context":{"id":"56e946cf-bd47-4dfd-9b76-0cdd2126fec9", "isDeleted:":"true", "version":"1727336894716"}}
{"logTime": "1128/080719", "correlationVector":"eSvhuL2qqLT0zSC/CmkfpY.118","action":"GetUpdates", "result":"DeleteReceived", "context":{"id":"006f4f5c-2b34-4cf9-9d21-69b582f42c3a", "isDeleted:":"true", "version":"1727338654566"}}
{"logTime": "1128/080719", "correlationVector":"eSvhuL2qqLT0zSC/CmkfpY.119","action":"GetUpdates", "result":"DeleteReceived", "context":{"id":"df3d5e87-855e-422d-8ec1-759ac2a1363c", "isDeleted:":"true", "version":"1727342133559"}}
{"logTime": "1128/080719", "correlationVector":"eSvhuL2qqLT0zSC/CmkfpY.120","action":"GetUpdates", "result":"DeleteReceived", "context":{"id":"25ea45a8-929e-4018-9c67-6bb4bff8358e", "isDeleted:":"true", "version":"1727351000101"}}
{"logTime": "1128/080719", "correlationVector":"eSvhuL2qqLT0zSC/CmkfpY.121","action":"GetUpdates", "result":"DeleteReceived", "context":{"id":"3e437a7b-b1db-428f-80de-7ef212469152", "isDeleted:":"true", "version":"1727453379454"}}
{"logTime": "1128/080719", "correlationVector":"eSvhuL2qqLT0zSC/CmkfpY.122","action":"GetUpdates", "result":"DeleteReceived", "context":{"id":"dd5c676c-e9ec-4710-aa1c-c462b78a0b51", "isDeleted:":"true", "version":"1727457135508"}}
{"logTime": "1128/080719", "correlationVector":"eSvhuL2qqLT0zSC/CmkfpY.123","action":"GetUpdates", "result":"DeleteReceived", "context":{"id":"5ed3518f-636e-43f8-99be-9ed684989f29", "isDeleted:":"true", "version":"1727461456806"}}
{"logTime": "1128/080719", "correlationVector":"eSvhuL2qqLT0zSC/CmkfpY.124","action":"GetUpdates", "result":"DeleteReceived", "context":{"id":"fdd7f932-a0a5-4034-a381-d4c524a02299", "isDeleted:":"true", "version":"1727461456807"}}
{"logTime": "1128/080719", "correlationVector":"eSvhuL2qqLT0zSC/CmkfpY.125","action":"GetUpdates", "result":"DeleteReceived", "context":{"id":"1d421668-fb6b-41d9-af9d-c0549fe4d915", "isDeleted:":"true", "version":"1727461646636"}}
{"logTime": "1128/080719", "correlationVector":"eSvhuL2qqLT0zSC/CmkfpY.126","action":"GetUpdates", "result":"DeleteReceived", "context":{"id":"b59a147f-09ad-4421-a1d6-bb6d18a00f7d", "isDeleted:":"true", "version":"1728126383534"}}
{"logTime": "1128/080719", "correlationVector":"eSvhuL2qqLT0zSC/CmkfpY.127","action":"GetUpdates", "result":"DeleteReceived", "context":{"id":"ecee22a3-94ae-44aa-89ba-5abd1e98405e", "isDeleted:":"true", "version":"1728126720214"}}
{"logTime": "1128/080719", "correlationVector":"eSvhuL2qqLT0zSC/CmkfpY.128","action":"GetUpdates", "result":"DeleteReceived", "context":{"id":"970abec1-3d78-40b8-a501-340262527b1c", "isDeleted:":"true", "version":"1728126720215"}}
{"logTime": "1128/080719", "correlationVector":"eSvhuL2qqLT0zSC/CmkfpY.129","action":"GetUpdates", "result":"DeleteReceived", "context":{"id":"88702672-baa6-4134-9e87-d9442a4a0b25", "isDeleted:":"true", "version":"1728126720216"}}
{"logTime": "1128/080719", "correlationVector":"eSvhuL2qqLT0zSC/CmkfpY.130","action":"GetUpdates", "result":"DeleteReceived", "context":{"id":"ee5a3ddd-d289-4a43-b812-14114c8ab166", "isDeleted:":"true", "version":"1728126720217"}}
{"logTime": "1128/080719", "correlationVector":"eSvhuL2qqLT0zSC/CmkfpY.131","action":"GetUpdates", "result":"DeleteReceived", "context":{"id":"2867628a-306a-43a0-a45b-f2928dd85021", "isDeleted:":"true", "version":"1728126720218"}}
{"logTime": "1128/080719", "correlationVector":"eSvhuL2qqLT0zSC/CmkfpY.132","action":"GetUpdates", "result":"DeleteReceived", "context":{"id":"0a85041c-e963-4b4e-a3ec-20d6f89de863", "isDeleted:":"true", "version":"1728126720219"}}
{"logTime": "1128/080719", "correlationVector":"eSvhuL2qqLT0zSC/CmkfpY.133","action":"GetUpdates", "result":"DeleteReceived", "context":{"id":"7f9d34e7-13ac-4b12-9735-3cca50ffb16d", "isDeleted:":"true", "version":"1728126720220"}}
{"logTime": "1128/080719", "correlationVector":"eSvhuL2qqLT0zSC/CmkfpY.134","action":"GetUpdates", "result":"DeleteReceived", "context":{"id":"dfbedf92-07b6-4393-807b-555782b94e33", "isDeleted:":"true", "version":"1728126720221"}}
{"logTime": "1128/080719", "correlationVector":"eSvhuL2qqLT0zSC/CmkfpY.135","action":"GetUpdates", "result":"DeleteReceived", "context":{"id":"cf804996-e18a-4ab0-bfea-3e8cdb609582", "isDeleted:":"true", "version":"1728126720222"}}
{"logTime": "1128/080719", "correlationVector":"eSvhuL2qqLT0zSC/CmkfpY.136","action":"GetUpdates", "result":"DeleteReceived", "context":{"id":"b0860560-c1e0-4e01-9ec7-91ba7cc69503", "isDeleted:":"true", "version":"1728126720223"}}
{"logTime": "1128/080719", "correlationVector":"eSvhuL2qqLT0zSC/CmkfpY.137","action":"GetUpdates", "result":"DeleteReceived", "context":{"id":"10918640-c611-4a69-a97e-61d7def811dc", "isDeleted:":"true", "version":"1728126720224"}}
{"logTime": "1128/080719", "correlationVector":"eSvhuL2qqLT0zSC/CmkfpY.138","action":"GetUpdates", "result":"DeleteReceived", "context":{"id":"782c49c6-2d95-44ad-bfae-32de1474b365", "isDeleted:":"true", "version":"1728126720225"}}
{"logTime": "1128/080719", "correlationVector":"eSvhuL2qqLT0zSC/CmkfpY.139","action":"GetUpdates", "result":"DeleteReceived", "context":{"id":"f8d09d0e-f34b-4f75-a2c3-774aaafa6135", "isDeleted:":"true", "version":"1728126720226"}}
{"logTime": "1128/080719", "correlationVector":"eSvhuL2qqLT0zSC/CmkfpY.140","action":"GetUpdates", "result":"DeleteReceived", "context":{"id":"d06fa62b-c368-4abf-9776-11f1e14ae96a", "isDeleted:":"true", "version":"1728126720227"}}
{"logTime": "1128/080719", "correlationVector":"eSvhuL2qqLT0zSC/CmkfpY.141","action":"GetUpdates", "result":"DeleteReceived", "context":{"id":"8421189f-8721-4fb5-a055-c9eda0eff8ce", "isDeleted:":"true", "version":"1728127662600"}}
{"logTime": "1128/080719", "correlationVector":"eSvhuL2qqLT0zSC/CmkfpY.142","action":"GetUpdates", "result":"DeleteReceived", "context":{"id":"c1a0377e-5e15-4af8-a290-a211ae41e6f1", "isDeleted:":"true", "version":"1728129114572"}}
{"logTime": "1128/080719", "correlationVector":"eSvhuL2qqLT0zSC/CmkfpY.143","action":"GetUpdates", "result":"DeleteReceived", "context":{"id":"26ca8948-2bb7-47ee-86d0-f429fe2ffbc1", "isDeleted:":"true", "version":"1728129208787"}}
{"logTime": "1128/080719", "correlationVector":"eSvhuL2qqLT0zSC/CmkfpY.144","action":"GetUpdates", "result":"DeleteReceived", "context":{"id":"df74315b-16fb-46ac-8f92-7c12c7909478", "isDeleted:":"true", "version":"1728129525523"}}
{"logTime": "1128/080719", "correlationVector":"eSvhuL2qqLT0zSC/CmkfpY.145","action":"GetUpdates", "result":"DeleteReceived", "context":{"id":"c74bdcaa-cca8-47ec-af11-2f5e50184969", "isDeleted:":"true", "version":"1728129525524"}}
{"logTime": "1128/080719", "correlationVector":"eSvhuL2qqLT0zSC/CmkfpY.146","action":"GetUpdates", "result":"DeleteReceived", "context":{"id":"fa59b986-d2d8-429f-90d7-24b4bba65fbe", "isDeleted:":"true", "version":"1728129525527"}}
{"logTime": "1128/080719", "correlationVector":"eSvhuL2qqLT0zSC/CmkfpY.147","action":"GetUpdates", "result":"DeleteReceived", "context":{"id":"1d65731d-1574-4cf7-b81c-8151165f81e7", "isDeleted:":"true", "version":"1728130507072"}}
{"logTime": "1128/080719", "correlationVector":"eSvhuL2qqLT0zSC/CmkfpY.148","action":"GetUpdates", "result":"DeleteReceived", "context":{"id":"22dcc1b0-540e-4a8b-abcc-df5ab567ab67", "isDeleted:":"true", "version":"1728132306763"}}
{"logTime": "1128/080719", "correlationVector":"eSvhuL2qqLT0zSC/CmkfpY.149","action":"GetUpdates", "result":"DeleteReceived", "context":{"id":"b76981ed-3494-495f-a53a-2b46679d087a", "isDeleted:":"true", "version":"1728132686488"}}
{"logTime": "1128/080719", "correlationVector":"eSvhuL2qqLT0zSC/CmkfpY.150","action":"GetUpdates", "result":"DeleteReceived", "context":{"id":"bcbd1ec0-7fef-4505-a07e-ee45ec007b2b", "isDeleted:":"true", "version":"1728133557536"}}
{"logTime": "1128/080719", "correlationVector":"eSvhuL2qqLT0zSC/CmkfpY.151","action":"GetUpdates", "result":"DeleteReceived", "context":{"id":"422353c3-4b7b-4f0c-bb89-d3dd8fb63fa3", "isDeleted:":"true", "version":"1728133560229"}}
{"logTime": "1128/080719", "correlationVector":"eSvhuL2qqLT0zSC/CmkfpY.152","action":"GetUpdates", "result":"DeleteReceived", "context":{"id":"f0c27846-35da-48e0-b29b-4dd16d2c90f8", "isDeleted:":"true", "version":"1728133560230"}}
{"logTime": "1128/080719", "correlationVector":"eSvhuL2qqLT0zSC/CmkfpY.153","action":"GetUpdates", "result":"DeleteReceived", "context":{"id":"847b607d-e94a-4f9f-9c37-7d854bff4abb", "isDeleted:":"true", "version":"1728133560232"}}
{"logTime": "1128/080719", "correlationVector":"eSvhuL2qqLT0zSC/CmkfpY.154","action":"GetUpdates", "result":"DeleteReceived", "context":{"id":"331113bb-a378-40a8-8df3-a3edd4847de0", "isDeleted:":"true", "version":"1728133560233"}}
{"logTime": "1128/080719", "correlationVector":"eSvhuL2qqLT0zSC/CmkfpY.155","action":"GetUpdates", "result":"DeleteReceived", "context":{"id":"e1e29d7f-47f4-4561-868b-3821d5328ca7", "isDeleted:":"true", "version":"1728133560234"}}
{"logTime": "1128/080719", "correlationVector":"eSvhuL2qqLT0zSC/CmkfpY.156","action":"GetUpdates", "result":"DeleteReceived", "context":{"id":"4628c0cb-c42e-4b35-b386-41aed1e2afcd", "isDeleted:":"true", "version":"1728133560235"}}
{"logTime": "1128/080719", "correlationVector":"eSvhuL2qqLT0zSC/CmkfpY.157","action":"GetUpdates", "result":"DeleteReceived", "context":{"id":"ae41b63e-2493-4547-a980-749b9c49d270", "isDeleted:":"true", "version":"1728133560236"}}
{"logTime": "1128/080719", "correlationVector":"eSvhuL2qqLT0zSC/CmkfpY.158","action":"GetUpdates", "result":"DeleteReceived", "context":{"id":"5fac7647-430a-46c7-aba0-36549394f8a4", "isDeleted:":"true", "version":"1728133560237"}}
{"logTime": "1128/080719", "correlationVector":"eSvhuL2qqLT0zSC/CmkfpY.159","action":"GetUpdates", "result":"DeleteReceived", "context":{"id":"911b8a99-ddab-4a28-83c2-a3af69c2a9d0", "isDeleted:":"true", "version":"1728133560238"}}
{"logTime": "1128/080719", "correlationVector":"eSvhuL2qqLT0zSC/CmkfpY.160","action":"GetUpdates", "result":"DeleteReceived", "context":{"id":"8a1281f1-655b-4ccd-a9b6-f99e67950118", "isDeleted:":"true", "version":"1728133560239"}}
{"logTime": "1128/080719", "correlationVector":"eSvhuL2qqLT0zSC/CmkfpY.161","action":"GetUpdates", "result":"DeleteReceived", "context":{"id":"587c8010-7e96-4bfc-822d-caaaf4ef5968", "isDeleted:":"true", "version":"1728133560241"}}
{"logTime": "1128/080719", "correlationVector":"eSvhuL2qqLT0zSC/CmkfpY.162","action":"GetUpdates", "result":"DeleteReceived", "context":{"id":"cf5cf7ce-00bf-4a95-81bb-869dfcb1facd", "isDeleted:":"true", "version":"1728133975667"}}
{"logTime": "1128/080719", "correlationVector":"eSvhuL2qqLT0zSC/CmkfpY.163","action":"GetUpdates", "result":"DeleteReceived", "context":{"id":"057fc3ff-b8a1-4de2-bfe8-e39161fa4fd7", "isDeleted:":"true", "version":"1728134187796"}}
{"logTime": "1128/080719", "correlationVector":"eSvhuL2qqLT0zSC/CmkfpY.164","action":"GetUpdates", "result":"DeleteReceived", "context":{"id":"38aa3725-9129-4688-ba5d-0bf2ac200350", "isDeleted:":"true", "version":"1728134212641"}}
{"logTime": "1128/080719", "correlationVector":"eSvhuL2qqLT0zSC/CmkfpY.165","action":"GetUpdates", "result":"DeleteReceived", "context":{"id":"d6e4183c-f1af-4feb-b5ee-da4aef1d1704", "isDeleted:":"true", "version":"1728134535773"}}
{"logTime": "1128/080719", "correlationVector":"eSvhuL2qqLT0zSC/CmkfpY.166","action":"GetUpdates", "result":"DeleteReceived", "context":{"id":"b35fc6f6-d264-4b20-acc4-892392156691", "isDeleted:":"true", "version":"1728134885587"}}
{"logTime": "1128/080719", "correlationVector":"eSvhuL2qqLT0zSC/CmkfpY.167","action":"GetUpdates", "result":"DeleteReceived", "context":{"id":"4075e404-98fe-42fc-97b3-59285a40c40c", "isDeleted:":"true", "version":"1728134958642"}}
{"logTime": "1128/080719", "correlationVector":"eSvhuL2qqLT0zSC/CmkfpY.168","action":"GetUpdates", "result":"DeleteReceived", "context":{"id":"aadee57a-8d27-4149-805b-dc7ee995c3d9", "isDeleted:":"true", "version":"1728134958643"}}
{"logTime": "1128/080719", "correlationVector":"eSvhuL2qqLT0zSC/CmkfpY.169","action":"GetUpdates", "result":"DeleteReceived", "context":{"id":"4bf888fa-48ee-4b70-b796-24a64719a0b7", "isDeleted:":"true", "version":"1728134958644"}}
{"logTime": "1128/080719", "correlationVector":"eSvhuL2qqLT0zSC/CmkfpY.170","action":"GetUpdates", "result":"DeleteReceived", "context":{"id":"8c99dbb5-7634-4eeb-b63c-47791a6ab204", "isDeleted:":"true", "version":"1728134958645"}}
{"logTime": "1128/080719", "correlationVector":"eSvhuL2qqLT0zSC/CmkfpY.171","action":"GetUpdates", "result":"DeleteReceived", "context":{"id":"0d0393e8-0434-457e-8b35-e1b0f691fb61", "isDeleted:":"true", "version":"1728134958646"}}
{"logTime": "1128/080719", "correlationVector":"eSvhuL2qqLT0zSC/CmkfpY.172","action":"GetUpdates", "result":"DeleteReceived", "context":{"id":"0a3ea611-2d38-4a32-8da3-11217d15ed07", "isDeleted:":"true", "version":"1728135218842"}}
{"logTime": "1128/080719", "correlationVector":"eSvhuL2qqLT0zSC/CmkfpY.173","action":"GetUpdates", "result":"DeleteReceived", "context":{"id":"13a8d21a-5de6-4517-84d2-13c676cadbc9", "isDeleted:":"true", "version":"1728135218843"}}
{"logTime": "1128/080719", "correlationVector":"eSvhuL2qqLT0zSC/CmkfpY.174","action":"GetUpdates", "result":"DeleteReceived", "context":{"id":"ce05b4ed-8534-4e1c-b8df-e70c88cbe800", "isDeleted:":"true", "version":"1728135304809"}}
{"logTime": "1128/080719", "correlationVector":"eSvhuL2qqLT0zSC/CmkfpY.175","action":"GetUpdates", "result":"DeleteReceived", "context":{"id":"1d49d6e2-e42b-4462-a12c-3e4c023f3e84", "isDeleted:":"true", "version":"1728138427955"}}
{"logTime": "1128/080719", "correlationVector":"eSvhuL2qqLT0zSC/CmkfpY.176","action":"GetUpdates", "result":"DeleteReceived", "context":{"id":"b9562180-e0e4-4a7e-b1ca-00feaa08a844", "isDeleted:":"true", "version":"1728138806601"}}
{"logTime": "1128/080719", "correlationVector":"eSvhuL2qqLT0zSC/CmkfpY.177","action":"GetUpdates", "result":"DeleteReceived", "context":{"id":"8653af7a-e62f-43d3-946c-98daf6189f08", "isDeleted:":"true", "version":"1728350261848"}}
{"logTime": "1128/080719", "correlationVector":"eSvhuL2qqLT0zSC/CmkfpY.178","action":"GetUpdates", "result":"DeleteReceived", "context":{"id":"b5bbac4c-5042-411e-8112-21856c5e9ad6", "isDeleted:":"true", "version":"1728352872181"}}
{"logTime": "1128/080719", "correlationVector":"eSvhuL2qqLT0zSC/CmkfpY.179","action":"GetUpdates", "result":"DeleteReceived", "context":{"id":"6ea23f58-98d0-4d6d-a965-c17a549ed022", "isDeleted:":"true", "version":"1728352872183"}}
{"logTime": "1128/080719", "correlationVector":"eSvhuL2qqLT0zSC/CmkfpY.180","action":"GetUpdates", "result":"DeleteReceived", "context":{"id":"3ea99407-9360-489f-8f4e-2ca153c7417c", "isDeleted:":"true", "version":"1728370114639"}}
{"logTime": "1128/080719", "correlationVector":"eSvhuL2qqLT0zSC/CmkfpY.181","action":"GetUpdates", "result":"DeleteReceived", "context":{"id":"c5a95d70-52ce-4af1-b96e-3fb4e1c3ff59", "isDeleted:":"true", "version":"1728370195902"}}
{"logTime": "1128/080719", "correlationVector":"eSvhuL2qqLT0zSC/CmkfpY.182","action":"GetUpdates", "result":"DeleteReceived", "context":{"id":"59ec0b7f-d052-46f5-b21b-58ffe3d8b356", "isDeleted:":"true", "version":"1728370916291"}}
{"logTime": "1128/080719", "correlationVector":"eSvhuL2qqLT0zSC/CmkfpY.183","action":"GetUpdates", "result":"DeleteReceived", "context":{"id":"09da6a40-228a-41cb-a60b-7a221597c0e3", "isDeleted:":"true", "version":"1728370916292"}}
{"logTime": "1128/080719", "correlationVector":"eSvhuL2qqLT0zSC/CmkfpY.184","action":"GetUpdates", "result":"DeleteReceived", "context":{"id":"2047c5b6-1737-48b8-acb4-b8749b979189", "isDeleted:":"true", "version":"1728381101116"}}
{"logTime": "1128/080719", "correlationVector":"eSvhuL2qqLT0zSC/CmkfpY.185","action":"GetUpdates", "result":"DeleteReceived", "context":{"id":"697bdc3a-b80f-43f8-bb37-b7d4a69dc1cd", "isDeleted:":"true", "version":"1728381102120"}}
{"logTime": "1128/080719", "correlationVector":"eSvhuL2qqLT0zSC/CmkfpY.186","action":"GetUpdates", "result":"DeleteReceived", "context":{"id":"ff94ccfe-a24c-4935-b20c-c28df86661fe", "isDeleted:":"true", "version":"1728381134050"}}
{"logTime": "1128/080719", "correlationVector":"eSvhuL2qqLT0zSC/CmkfpY.187","action":"GetUpdates", "result":"DeleteReceived", "context":{"id":"ba01fa0b-1862-4b2b-a171-b1f0700774bc", "isDeleted:":"true", "version":"1728383096322"}}
{"logTime": "1128/080719", "correlationVector":"eSvhuL2qqLT0zSC/CmkfpY.188","action":"GetUpdates", "result":"DeleteReceived", "context":{"id":"168fd98e-714f-45cf-b430-192359f24449", "isDeleted:":"true", "version":"1728383916959"}}
{"logTime": "1128/080719", "correlationVector":"eSvhuL2qqLT0zSC/CmkfpY.189","action":"GetUpdates", "result":"DeleteReceived", "context":{"id":"0256be60-5f88-4742-a344-f3c78ad825a2", "isDeleted:":"true", "version":"1728385615144"}}
{"logTime": "1128/080719", "correlationVector":"eSvhuL2qqLT0zSC/CmkfpY.190","action":"GetUpdates", "result":"DeleteReceived", "context":{"id":"7cac9f1c-1623-4213-a743-bc84cb67ca8c", "isDeleted:":"true", "version":"1728396109211"}}
{"logTime": "1128/080719", "correlationVector":"eSvhuL2qqLT0zSC/CmkfpY.191","action":"GetUpdates", "result":"DeleteReceived", "context":{"id":"2ae27f79-a9be-456e-a2b8-2f94010bc3df", "isDeleted:":"true", "version":"1728396684529"}}
{"logTime": "1128/080719", "correlationVector":"eSvhuL2qqLT0zSC/CmkfpY.192","action":"GetUpdates", "result":"DeleteReceived", "context":{"id":"02907749-91a5-4a30-80d1-e7e5024a6889", "isDeleted:":"true", "version":"1728470451923"}}
{"logTime": "1128/080719", "correlationVector":"eSvhuL2qqLT0zSC/CmkfpY.193","action":"GetUpdates", "result":"DeleteReceived", "context":{"id":"f277aa0e-bca8-46d2-8efc-18e793e9577e", "isDeleted:":"true", "version":"1728470757638"}}
{"logTime": "1128/080719", "correlationVector":"eSvhuL2qqLT0zSC/CmkfpY.194","action":"GetUpdates", "result":"DeleteReceived", "context":{"id":"23769726-de88-4d12-aaf7-16b4203a6844", "isDeleted:":"true", "version":"1728470757639"}}
{"logTime": "1128/080719", "correlationVector":"eSvhuL2qqLT0zSC/CmkfpY.195","action":"GetUpdates", "result":"DeleteReceived", "context":{"id":"955a5e9d-cd2a-4d4c-ad68-ab058fbf5e17", "isDeleted:":"true", "version":"1728470757640"}}
{"logTime": "1128/080719", "correlationVector":"eSvhuL2qqLT0zSC/CmkfpY.196","action":"GetUpdates", "result":"DeleteReceived", "context":{"id":"06844802-9ccd-46bf-b0a8-cb2e56808a77", "isDeleted:":"true", "version":"1728470757641"}}
{"logTime": "1128/080719", "correlationVector":"eSvhuL2qqLT0zSC/CmkfpY.197","action":"GetUpdates", "result":"DeleteReceived", "context":{"id":"a8b6c9cd-043b-44f4-85ab-c0524b519e2e", "isDeleted:":"true", "version":"1728470757643"}}
{"logTime": "1128/080719", "correlationVector":"eSvhuL2qqLT0zSC/CmkfpY.198","action":"GetUpdates", "result":"DeleteReceived", "context":{"id":"52eb6517-83d0-4521-b8db-8820bc3cdafd", "isDeleted:":"true", "version":"1728470757644"}}
{"logTime": "1128/080719", "correlationVector":"eSvhuL2qqLT0zSC/CmkfpY.199","action":"GetUpdates", "result":"DeleteReceived", "context":{"id":"51cdc32a-c9f5-4bba-b37f-94f8a827eea2", "isDeleted:":"true", "version":"1728471759399"}}
{"logTime": "1128/080719", "correlationVector":"eSvhuL2qqLT0zSC/CmkfpY.200","action":"GetUpdates", "result":"DeleteReceived", "context":{"id":"a91e2613-0be2-49aa-b511-ef397038163e", "isDeleted:":"true", "version":"1728472130170"}}
{"logTime": "1128/080719", "correlationVector":"eSvhuL2qqLT0zSC/CmkfpY.201","action":"GetUpdates", "result":"DeleteReceived", "context":{"id":"7bd5bd8a-da4c-422d-a04b-b530cdd23f94", "isDeleted:":"true", "version":"1728481643248"}}
{"logTime": "1128/080719", "correlationVector":"eSvhuL2qqLT0zSC/CmkfpY.202","action":"GetUpdates", "result":"DeleteReceived", "context":{"id":"059380d7-8ff7-4b49-8e5b-817d2585c686", "isDeleted:":"true", "version":"1728481643250"}}
{"logTime": "1128/080719", "correlationVector":"eSvhuL2qqLT0zSC/CmkfpY.203","action":"GetUpdates", "result":"DeleteReceived", "context":{"id":"8864e8e1-0d31-46c4-9648-4d074d930b1c", "isDeleted:":"true", "version":"1728481776932"}}
{"logTime": "1128/080719", "correlationVector":"eSvhuL2qqLT0zSC/CmkfpY.204","action":"GetUpdates", "result":"DeleteReceived", "context":{"id":"a6ca374b-b6da-4459-9297-2de656258a8d", "isDeleted:":"true", "version":"1728481776933"}}
{"logTime": "1128/080719", "correlationVector":"eSvhuL2qqLT0zSC/CmkfpY.205","action":"GetUpdates", "result":"DeleteReceived", "context":{"id":"d1002c96-b144-4f04-b942-4d77372481e2", "isDeleted:":"true", "version":"1727164338344"}}
{"logTime": "1128/080719", "correlationVector":"eSvhuL2qqLT0zSC/CmkfpY.206","action":"GetUpdates", "result":"DeleteReceived", "context":{"id":"a49a3dc4-0823-49be-b835-7bb181926863", "isDeleted:":"true", "version":"1727164338345"}}
{"logTime": "1128/080719", "correlationVector":"eSvhuL2qqLT0zSC/CmkfpY.207","action":"GetUpdates", "result":"DeleteReceived", "context":{"id":"c73ed1db-73f7-4d82-abdf-1543ef8959ac", "isDeleted:":"true", "version":"1727164338346"}}
{"logTime": "1128/080719", "correlationVector":"eSvhuL2qqLT0zSC/CmkfpY.208","action":"GetUpdates", "result":"DeleteReceived", "context":{"id":"270ab487-efa8-42c3-8c82-43567eb236e9", "isDeleted:":"true", "version":"1727164338347"}}
{"logTime": "1128/080719", "correlationVector":"eSvhuL2qqLT0zSC/CmkfpY.209","action":"GetUpdates", "result":"DeleteReceived", "context":{"id":"64edd104-28c0-425c-9c4e-e786ee88254a", "isDeleted:":"true", "version":"1727164338348"}}
{"logTime": "1128/080719", "correlationVector":"eSvhuL2qqLT0zSC/CmkfpY.210","action":"GetUpdates", "result":"DeleteReceived", "context":{"id":"c4ef7a15-1520-4d74-982f-048f788a41a5", "isDeleted:":"true", "version":"1727164338349"}}
{"logTime": "1128/080719", "correlationVector":"eSvhuL2qqLT0zSC/CmkfpY.211","action":"GetUpdates Response", "result":"Success", "context":Received 250 update(s). cV=eSvhuL2qqLT0zSC/CmkfpY.0;server=GENERAL0100002P;cloudType=Consumer;environment=Prod_NorthEurope_000h;migrationStage=NotStarted Some updates remain.}
{"logTime": "1128/080719", "correlationVector":"o6ZJGrek0uYQBkzC26RBo5","action":"Initial GetUpdates", "result":"", "context":Reason: NEWLY_SUPPORTED_DATATYPE. cV=o6ZJGrek0uYQBkzC26RBo5}
{"logTime": "1128/080719", "correlationVector":"o6ZJGrek0uYQBkzC26RBo5.1","action":"SyncServerConnectionManagerRequest", "result":"SYNC_SERVER_OK", "context":{"environment":"Prod_NorthEurope_000h", "migrationStage":"NotStarted", "server":"GENERAL01000021"}}
{"logTime": "1128/080719", "correlationVector":"o6ZJGrek0uYQBkzC26RBo5.2","action":"GetUpdates", "result":"DeleteReceived", "context":{"id":"c16ec513-0eb9-4442-b885-f7dee4cecab1", "isDeleted:":"true", "version":"1728482774846"}}
{"logTime": "1128/080719", "correlationVector":"o6ZJGrek0uYQBkzC26RBo5.3","action":"GetUpdates", "result":"DeleteReceived", "context":{"id":"1e6b72a4-d341-458a-8a5e-c1941747005f", "isDeleted:":"true", "version":"1728482853025"}}
{"logTime": "1128/080719", "correlationVector":"o6ZJGrek0uYQBkzC26RBo5.4","action":"GetUpdates", "result":"DeleteReceived", "context":{"id":"2ebc8169-91e4-44d1-abb0-7cf8ad1761e4", "isDeleted:":"true", "version":"1728482981508"}}
{"logTime": "1128/080719", "correlationVector":"o6ZJGrek0uYQBkzC26RBo5.5","action":"GetUpdates", "result":"DeleteReceived", "context":{"id":"694f643a-5f5a-4798-9247-c19ca8cae1ff", "isDeleted:":"true", "version":"1728483332911"}}
{"logTime": "1128/080719", "correlationVector":"o6ZJGrek0uYQBkzC26RBo5.6","action":"GetUpdates", "result":"DeleteReceived", "context":{"id":"669faad5-e874-4806-8a1c-8f03ce46855f", "isDeleted:":"true", "version":"1728483332912"}}
{"logTime": "1128/080719", "correlationVector":"o6ZJGrek0uYQBkzC26RBo5.7","action":"GetUpdates", "result":"DeleteReceived", "context":{"id":"d30444bd-9c08-4111-a80e-793f0ce472e4", "isDeleted:":"true", "version":"1728495666828"}}
{"logTime": "1128/080719", "correlationVector":"o6ZJGrek0uYQBkzC26RBo5.8","action":"GetUpdates", "result":"DeleteReceived", "context":{"id":"4335a50f-b6e2-49be-af3a-b637893951b6", "isDeleted:":"true", "version":"1728588271136"}}
{"logTime": "1128/080719", "correlationVector":"o6ZJGrek0uYQBkzC26RBo5.9","action":"GetUpdates", "result":"DeleteReceived", "context":{"id":"f48ac255-60f6-4b2f-a81f-6e51066f9ecc", "isDeleted:":"true", "version":"1728588877343"}}
{"logTime": "1128/080719", "correlationVector":"o6ZJGrek0uYQBkzC26RBo5.10","action":"GetUpdates", "result":"DeleteReceived", "context":{"id":"b9b8cdd3-5ce3-46a3-afc6-443a261ecf7f", "isDeleted:":"true", "version":"1728593313581"}}
{"logTime": "1128/080719", "correlationVector":"o6ZJGrek0uYQBkzC26RBo5.11","action":"GetUpdates", "result":"DeleteReceived", "context":{"id":"38de5342-7729-45c7-8f7d-31223ec53158", "isDeleted:":"true", "version":"1728731495522"}}
{"logTime": "1128/080719", "correlationVector":"o6ZJGrek0uYQBkzC26RBo5.12","action":"GetUpdates", "result":"DeleteReceived", "context":{"id":"caf66d2b-1534-4a21-a2bc-d3add554b599", "isDeleted:":"true", "version":"1728731495523"}}
{"logTime": "1128/080719", "correlationVector":"o6ZJGrek0uYQBkzC26RBo5.13","action":"GetUpdates", "result":"DeleteReceived", "context":{"id":"e27fe555-9e26-411a-8b02-13580ee73408", "isDeleted:":"true", "version":"1728731495524"}}
{"logTime": "1128/080719", "correlationVector":"o6ZJGrek0uYQBkzC26RBo5.14","action":"GetUpdates", "result":"DeleteReceived", "context":{"id":"281a15f1-99a9-41df-b1f5-4ac2ff35e334", "isDeleted:":"true", "version":"1728731495525"}}
{"logTime": "1128/080719", "correlationVector":"o6ZJGrek0uYQBkzC26RBo5.15","action":"GetUpdates", "result":"DeleteReceived", "context":{"id":"8e402747-95a6-46c8-bf67-04c3716059e7", "isDeleted:":"true", "version":"1728731495526"}}
{"logTime": "1128/080719", "correlationVector":"o6ZJGrek0uYQBkzC26RBo5.16","action":"GetUpdates", "result":"DeleteReceived", "context":{"id":"2b60fdca-d216-45b4-8ba1-b55371c8d812", "isDeleted:":"true", "version":"1728731495527"}}
{"logTime": "1128/080719", "correlationVector":"o6ZJGrek0uYQBkzC26RBo5.17","action":"GetUpdates", "result":"DeleteReceived", "context":{"id":"21362631-acc1-4aa3-b8f9-4e5d5ab95a5b", "isDeleted:":"true", "version":"1728731495529"}}
{"logTime": "1128/080719", "correlationVector":"o6ZJGrek0uYQBkzC26RBo5.18","action":"GetUpdates", "result":"DeleteReceived", "context":{"id":"141e8d4e-b779-450c-a418-eb971d682373", "isDeleted:":"true", "version":"1728731495530"}}
{"logTime": "1128/080719", "correlationVector":"o6ZJGrek0uYQBkzC26RBo5.19","action":"GetUpdates", "result":"DeleteReceived", "context":{"id":"c720acf6-9398-464d-aa56-3bf7777c9594", "isDeleted:":"true", "version":"1728731495531"}}
{"logTime": "1128/080719", "correlationVector":"o6ZJGrek0uYQBkzC26RBo5.20","action":"GetUpdates", "result":"DeleteReceived", "context":{"id":"a676b34c-2a50-4d30-92fb-9f96c810f209", "isDeleted:":"true", "version":"1728731495532"}}
{"logTime": "1128/080719", "correlationVector":"o6ZJGrek0uYQBkzC26RBo5.21","action":"GetUpdates", "result":"DeleteReceived", "context":{"id":"ecf064cd-28c4-498e-aea2-de8d348404d0", "isDeleted:":"true", "version":"1728731495533"}}
{"logTime": "1128/080719", "correlationVector":"o6ZJGrek0uYQBkzC26RBo5.22","action":"GetUpdates", "result":"DeleteReceived", "context":{"id":"b7a04e2c-063a-442e-b688-1f314e0fc286", "isDeleted:":"true", "version":"1728731495534"}}
{"logTime": "1128/080719", "correlationVector":"o6ZJGrek0uYQBkzC26RBo5.23","action":"GetUpdates", "result":"DeleteReceived", "context":{"id":"8e3af131-8e76-4a7b-b819-3fd26fe69723", "isDeleted:":"true", "version":"1728731495535"}}
{"logTime": "1128/080719", "correlationVector":"o6ZJGrek0uYQBkzC26RBo5.24","action":"GetUpdates", "result":"DeleteReceived", "context":{"id":"46eca681-cafd-4e97-897f-8a00af01f0bd", "isDeleted:":"true", "version":"1728731495537"}}
{"logTime": "1128/080719", "correlationVector":"o6ZJGrek0uYQBkzC26RBo5.25","action":"GetUpdates", "result":"DeleteReceived", "context":{"id":"9e9177b1-7953-4e4e-b9da-526025f0fbc7", "isDeleted:":"true", "version":"1728731526216"}}
{"logTime": "1128/080719", "correlationVector":"o6ZJGrek0uYQBkzC26RBo5.26","action":"GetUpdates", "result":"DeleteReceived", "context":{"id":"0b88e1e9-110d-46e8-ba9d-de1c20f98fdc", "isDeleted:":"true", "version":"1728731845743"}}
{"logTime": "1128/080719", "correlationVector":"o6ZJGrek0uYQBkzC26RBo5.27","action":"GetUpdates", "result":"DeleteReceived", "context":{"id":"fcaa9361-40a3-4201-a26a-96d9d7f53e02", "isDeleted:":"true", "version":"1728732953911"}}
{"logTime": "1128/080719", "correlationVector":"o6ZJGrek0uYQBkzC26RBo5.28","action":"GetUpdates", "result":"DeleteReceived", "context":{"id":"edf9ec31-5740-4025-9965-9937aa8c7238", "isDeleted:":"true", "version":"1728732953913"}}
{"logTime": "1128/080719", "correlationVector":"o6ZJGrek0uYQBkzC26RBo5.29","action":"GetUpdates", "result":"DeleteReceived", "context":{"id":"1de78f48-1554-4773-8d0a-eebaec4dd7f0", "isDeleted:":"true", "version":"1728734261186"}}
{"logTime": "1128/080719", "correlationVector":"o6ZJGrek0uYQBkzC26RBo5.30","action":"GetUpdates", "result":"DeleteReceived", "context":{"id":"387ee4bc-3c56-4ba0-b9b7-da73b5c073ef", "isDeleted:":"true", "version":"1729070113944"}}
{"logTime": "1128/080719", "correlationVector":"o6ZJGrek0uYQBkzC26RBo5.31","action":"GetUpdates", "result":"DeleteReceived", "context":{"id":"7e8a5c81-69e9-44cf-b74c-0e7c200da60d", "isDeleted:":"true", "version":"1729070113947"}}
{"logTime": "1128/080719", "correlationVector":"o6ZJGrek0uYQBkzC26RBo5.32","action":"GetUpdates", "result":"DeleteReceived", "context":{"id":"c88d2bcc-70a4-419d-8e30-3022b48046f4", "isDeleted:":"true", "version":"1729070113948"}}
{"logTime": "1128/080719", "correlationVector":"o6ZJGrek0uYQBkzC26RBo5.33","action":"GetUpdates", "result":"DeleteReceived", "context":{"id":"701ce0b5-4c5f-4364-a338-8d0ae9eb3c40", "isDeleted:":"true", "version":"1729070113949"}}
{"logTime": "1128/080719", "correlationVector":"o6ZJGrek0uYQBkzC26RBo5.34","action":"GetUpdates", "result":"DeleteReceived", "context":{"id":"023efa45-31e5-4941-8b9e-f2bd7d703550", "isDeleted:":"true", "version":"1729070850748"}}
{"logTime": "1128/080719", "correlationVector":"o6ZJGrek0uYQBkzC26RBo5.35","action":"GetUpdates", "result":"DeleteReceived", "context":{"id":"9a0e59a7-a59f-4305-9211-78d79a8dcf68", "isDeleted:":"true", "version":"1729070850749"}}
{"logTime": "1128/080719", "correlationVector":"o6ZJGrek0uYQBkzC26RBo5.36","action":"GetUpdates", "result":"DeleteReceived", "context":{"id":"1034b769-30fb-4e6a-8446-0efb5f8d6971", "isDeleted:":"true", "version":"1729070850750"}}
{"logTime": "1128/080719", "correlationVector":"o6ZJGrek0uYQBkzC26RBo5.37","action":"GetUpdates", "result":"DeleteReceived", "context":{"id":"4e259c08-c5c8-4df4-92be-705f87f6b9aa", "isDeleted:":"true", "version":"1729070850751"}}
{"logTime": "1128/080719", "correlationVector":"o6ZJGrek0uYQBkzC26RBo5.38","action":"GetUpdates", "result":"DeleteReceived", "context":{"id":"2f575510-a3fd-4c05-86e2-774ad3a23ea1", "isDeleted:":"true", "version":"1729075195532"}}
{"logTime": "1128/080719", "correlationVector":"o6ZJGrek0uYQBkzC26RBo5.39","action":"GetUpdates", "result":"DeleteReceived", "context":{"id":"d9f52fdd-6231-40e8-a6b9-f5573188d00c", "isDeleted:":"true", "version":"1729075494847"}}
{"logTime": "1128/080719", "correlationVector":"o6ZJGrek0uYQBkzC26RBo5.40","action":"GetUpdates", "result":"DeleteReceived", "context":{"id":"43022b06-9d31-4012-948d-5856423a6175", "isDeleted:":"true", "version":"1729076636883"}}
{"logTime": "1128/080719", "correlationVector":"o6ZJGrek0uYQBkzC26RBo5.41","action":"GetUpdates", "result":"DeleteReceived", "context":{"id":"2114eca3-fdd6-4647-84fb-583fdfbf425f", "isDeleted:":"true", "version":"1729076636884"}}
{"logTime": "1128/080719", "correlationVector":"o6ZJGrek0uYQBkzC26RBo5.42","action":"GetUpdates", "result":"DeleteReceived", "context":{"id":"5f243cc9-e44a-499f-b878-707f4cf37b8d", "isDeleted:":"true", "version":"1729077232304"}}
{"logTime": "1128/080719", "correlationVector":"o6ZJGrek0uYQBkzC26RBo5.43","action":"GetUpdates", "result":"DeleteReceived", "context":{"id":"45fe26e5-f382-4f43-b211-ad698a9fad5d", "isDeleted:":"true", "version":"1729594394705"}}
{"logTime": "1128/080719", "correlationVector":"o6ZJGrek0uYQBkzC26RBo5.44","action":"GetUpdates", "result":"DeleteReceived", "context":{"id":"0b095bb1-f7a8-48d0-ab90-0b38fbf1db58", "isDeleted:":"true", "version":"1729594394706"}}
{"logTime": "1128/080719", "correlationVector":"o6ZJGrek0uYQBkzC26RBo5.45","action":"GetUpdates", "result":"DeleteReceived", "context":{"id":"ede6e779-38c3-4924-977f-8e44fa2c2e73", "isDeleted:":"true", "version":"1729594394707"}}
{"logTime": "1128/080719", "correlationVector":"o6ZJGrek0uYQBkzC26RBo5.46","action":"GetUpdates", "result":"DeleteReceived", "context":{"id":"465d1abb-37cb-4e06-b8fe-ceff1735b721", "isDeleted:":"true", "version":"1729594394708"}}
{"logTime": "1128/080719", "correlationVector":"o6ZJGrek0uYQBkzC26RBo5.47","action":"GetUpdates", "result":"DeleteReceived", "context":{"id":"f7fd1b83-6e2a-473a-9688-45a8fae50ec0", "isDeleted:":"true", "version":"1729594394709"}}
{"logTime": "1128/080719", "correlationVector":"o6ZJGrek0uYQBkzC26RBo5.48","action":"GetUpdates", "result":"DeleteReceived", "context":{"id":"fbb8afb6-dfa7-4773-9140-d9fbfb9569c6", "isDeleted:":"true", "version":"1729604791667"}}
{"logTime": "1128/080719", "correlationVector":"o6ZJGrek0uYQBkzC26RBo5.49","action":"GetUpdates", "result":"DeleteReceived", "context":{"id":"af674f64-cd32-4a8d-a117-55d80fb87d85", "isDeleted:":"true", "version":"1729604791668"}}
{"logTime": "1128/080719", "correlationVector":"o6ZJGrek0uYQBkzC26RBo5.50","action":"GetUpdates", "result":"DeleteReceived", "context":{"id":"b1b8e177-4099-457b-be93-d040e50d0154", "isDeleted:":"true", "version":"1729605268436"}}
{"logTime": "1128/080719", "correlationVector":"o6ZJGrek0uYQBkzC26RBo5.51","action":"GetUpdates", "result":"DeleteReceived", "context":{"id":"29a58a8c-6e37-4b86-b14e-a99bebe0a3fe", "isDeleted:":"true", "version":"1729605268437"}}
{"logTime": "1128/080719", "correlationVector":"o6ZJGrek0uYQBkzC26RBo5.52","action":"GetUpdates", "result":"DeleteReceived", "context":{"id":"cc4a739b-84b0-4131-9041-1d694a2b8f28", "isDeleted:":"true", "version":"1729605268438"}}
{"logTime": "1128/080719", "correlationVector":"o6ZJGrek0uYQBkzC26RBo5.53","action":"GetUpdates", "result":"DeleteReceived", "context":{"id":"bc83007f-b31f-4a6c-b1de-cef4a5bba26d", "isDeleted:":"true", "version":"1729605268439"}}
{"logTime": "1128/080719", "correlationVector":"o6ZJGrek0uYQBkzC26RBo5.54","action":"GetUpdates", "result":"DeleteReceived", "context":{"id":"eb931c9a-6ff2-45ee-ba90-dc36cbd9dcc2", "isDeleted:":"true", "version":"1729605268440"}}
{"logTime": "1128/080719", "correlationVector":"o6ZJGrek0uYQBkzC26RBo5.55","action":"GetUpdates", "result":"DeleteReceived", "context":{"id":"03a84a37-5d3d-4114-89db-1b0ed908ffac", "isDeleted:":"true", "version":"1729605268441"}}
{"logTime": "1128/080719", "correlationVector":"o6ZJGrek0uYQBkzC26RBo5.56","action":"GetUpdates", "result":"DeleteReceived", "context":{"id":"6968e4fc-7eb3-47ee-b89c-bcf7af8238ba", "isDeleted:":"true", "version":"1729605268443"}}
{"logTime": "1128/080719", "correlationVector":"o6ZJGrek0uYQBkzC26RBo5.57","action":"GetUpdates", "result":"DeleteReceived", "context":{"id":"2609b6b4-dc15-41b8-8f05-f3d7b8308fdf", "isDeleted:":"true", "version":"1729605268444"}}
{"logTime": "1128/080719", "correlationVector":"o6ZJGrek0uYQBkzC26RBo5.58","action":"GetUpdates", "result":"DeleteReceived", "context":{"id":"7c3ade3c-319a-4257-a72f-241f7b1d0cfa", "isDeleted:":"true", "version":"1729608973947"}}
{"logTime": "1128/080719", "correlationVector":"o6ZJGrek0uYQBkzC26RBo5.59","action":"GetUpdates", "result":"DeleteReceived", "context":{"id":"e51b1374-7082-408c-9e51-2dfae13a8d3d", "isDeleted:":"true", "version":"1729612148483"}}
{"logTime": "1128/080719", "correlationVector":"o6ZJGrek0uYQBkzC26RBo5.60","action":"GetUpdates", "result":"DeleteReceived", "context":{"id":"5c21cd91-427b-4384-812a-1b1707dbced9", "isDeleted:":"true", "version":"1729612577526"}}
{"logTime": "1128/080719", "correlationVector":"o6ZJGrek0uYQBkzC26RBo5.61","action":"GetUpdates", "result":"DeleteReceived", "context":{"id":"dc269fba-18c8-41c5-872d-b03ddddd5dd3", "isDeleted:":"true", "version":"1729612577527"}}
{"logTime": "1128/080719", "correlationVector":"o6ZJGrek0uYQBkzC26RBo5.62","action":"GetUpdates", "result":"DeleteReceived", "context":{"id":"1ca3dbe4-ece3-4672-a644-3f78e34cfffc", "isDeleted:":"true", "version":"1729612577528"}}
{"logTime": "1128/080719", "correlationVector":"o6ZJGrek0uYQBkzC26RBo5.63","action":"GetUpdates", "result":"DeleteReceived", "context":{"id":"e1d484d7-4b07-4405-a5ed-5445536576f9", "isDeleted:":"true", "version":"1729612577529"}}
{"logTime": "1128/080719", "correlationVector":"o6ZJGrek0uYQBkzC26RBo5.64","action":"GetUpdates", "result":"DeleteReceived", "context":{"id":"4dd6e155-cd41-4e94-be29-e440f4e8b1b5", "isDeleted:":"true", "version":"1729612577530"}}
{"logTime": "1128/080719", "correlationVector":"o6ZJGrek0uYQBkzC26RBo5.65","action":"GetUpdates", "result":"DeleteReceived", "context":{"id":"653082d2-ec9c-4e2a-af61-7de428cb0ff9", "isDeleted:":"true", "version":"1729612577532"}}
{"logTime": "1128/080719", "correlationVector":"o6ZJGrek0uYQBkzC26RBo5.66","action":"GetUpdates", "result":"DeleteReceived", "context":{"id":"1ff3b120-c142-49dd-b2b8-ee25ddb60c98", "isDeleted:":"true", "version":"1729778622073"}}
{"logTime": "1128/080719", "correlationVector":"o6ZJGrek0uYQBkzC26RBo5.67","action":"GetUpdates", "result":"DeleteReceived", "context":{"id":"72731949-b4a7-4dfd-bfa2-401c77c5e12e", "isDeleted:":"true", "version":"1729780723813"}}
